INFO: [VRFC 10-163] Analyzing VHDL file "C:/Users/user/Mips Processor/sources/utils.vhd" into library xil_defaultlib
INFO: [VRFC 10-163] Analyzing VHDL file "C:/Users/user/Mips Processor/sources/alu.vhd" into library xil_defaultlib
INFO: [VRFC 10-3107] analyzing entity 'alu'
INFO: [VRFC 10-163] Analyzing VHDL file "C:/Users/user/Mips Processor/pipeline_sources/branch_controler.vhd" into library xil_defaultlib
INFO: [VRFC 10-3107] analyzing entity 'branch_controler'
INFO: [VRFC 10-163] Analyzing VHDL file "C:/Users/user/Mips Processor/sources/byte_parser.vhd" into library xil_defaultlib
INFO: [VRFC 10-3107] analyzing entity 'byte_parser'
INFO: [VRFC 10-163] Analyzing VHDL file "C:/Users/user/Mips Processor/sources/byte_replacer.vhd" into library xil_defaultlib
INFO: [VRFC 10-3107] analyzing entity 'byte_replacer'
INFO: [VRFC 10-163] Analyzing VHDL file "C:/Users/user/Mips Processor/pipeline_sources/control_pipeline.vhd" into library xil_defaultlib
INFO: [VRFC 10-3107] analyzing entity 'control_pipeline'
INFO: [VRFC 10-163] Analyzing VHDL file "C:/Users/user/Mips Processor/pipeline_sources/d_flip_flop.vhd" into library xil_defaultlib
INFO: [VRFC 10-3107] analyzing entity 'd_flip_flop'
INFO: [VRFC 10-163] Analyzing VHDL file "C:/Users/user/Mips Processor/pipeline_sources/datapath_pipeline.vhd" into library xil_defaultlib
INFO: [VRFC 10-3107] analyzing entity 'datapath_pipeline'
INFO: [VRFC 10-163] Analyzing VHDL file "C:/Users/user/Mips Processor/pipeline_sources/decode_register.vhd" into library xil_defaultlib
INFO: [VRFC 10-3107] analyzing entity 'decode_register'
INFO: [VRFC 10-163] Analyzing VHDL file "C:/Users/user/Mips Processor/sources/decoder_5to32.vhd" into library xil_defaultlib
INFO: [VRFC 10-3107] analyzing entity 'decoder_5to32'
INFO: [VRFC 10-163] Analyzing VHDL file "C:/Users/user/Mips Processor/pipeline_sources/decstage_pipeline.vhd" into library xil_defaultlib
INFO: [VRFC 10-3107] analyzing entity 'decstage_pipeline'
INFO: [VRFC 10-163] Analyzing VHDL file "C:/Users/user/Mips Processor/pipeline_sources/execute_register.vhd" into library xil_defaultlib
INFO: [VRFC 10-3107] analyzing entity 'execute_register'
INFO: [VRFC 10-163] Analyzing VHDL file "C:/Users/user/Mips Processor/sources/exstage.vhd" into library xil_defaultlib
INFO: [VRFC 10-3107] analyzing entity 'exstage'
INFO: [VRFC 10-163] Analyzing VHDL file "C:/Users/user/Mips Processor/pipeline_sources/fetch_register.vhd" into library xil_defaultlib
INFO: [VRFC 10-3107] analyzing entity 'fetch_register'
INFO: [VRFC 10-163] Analyzing VHDL file "C:/Users/user/Mips Processor/pipeline_sources/forwarder.vhd" into library xil_defaultlib
INFO: [VRFC 10-3107] analyzing entity 'forwarder'
INFO: [VRFC 10-163] Analyzing VHDL file "C:/Users/user/Mips Processor/pipeline_sources/forwarding_unit.vhd" into library xil_defaultlib
INFO: [VRFC 10-3107] analyzing entity 'forwarding_unit'
INFO: [VRFC 10-163] Analyzing VHDL file "C:/Users/user/Mips Processor/sources/ifstage.vhd" into library xil_defaultlib
INFO: [VRFC 10-3107] analyzing entity 'ifstage'
INFO: [VRFC 10-163] Analyzing VHDL file "C:/Users/user/Mips Processor/sources/immed_extender.vhd" into library xil_defaultlib
INFO: [VRFC 10-3107] analyzing entity 'immed_extender'
INFO: [VRFC 10-163] Analyzing VHDL file "C:/Users/user/Mips Processor/pipeline_sources/interrupt_generator.vhd" into library xil_defaultlib
INFO: [VRFC 10-3107] analyzing entity 'interrupt_generator'
INFO: [VRFC 10-163] Analyzing VHDL file "C:/Users/user/Mips Processor/pipeline_sources/memory_register.vhd" into library xil_defaultlib
INFO: [VRFC 10-3107] analyzing entity 'memory_register'
INFO: [VRFC 10-163] Analyzing VHDL file "C:/Users/user/Mips Processor/sources/memstage.vhd" into library xil_defaultlib
INFO: [VRFC 10-3107] analyzing entity 'memstage'
INFO: [VRFC 10-163] Analyzing VHDL file "C:/Users/user/Mips Processor/sources/mux_2.vhd" into library xil_defaultlib
INFO: [VRFC 10-3107] analyzing entity 'mux_2'
INFO: [VRFC 10-163] Analyzing VHDL file "C:/Users/user/Mips Processor/sources/mux_32.vhd" into library xil_defaultlib
INFO: [VRFC 10-3107] analyzing entity 'mux_32'
INFO: [VRFC 10-163] Analyzing VHDL file "C:/Users/user/Mips Processor/pipeline_sources/mux_8.vhd" into library xil_defaultlib
INFO: [VRFC 10-3107] analyzing entity 'mux_8'
INFO: [VRFC 10-163] Analyzing VHDL file "C:/Users/user/Mips Processor/pipeline_sources/processor_pipeline.vhd" into library xil_defaultlib
INFO: [VRFC 10-3107] analyzing entity 'processor_pipeline'
INFO: [VRFC 10-163] Analyzing VHDL file "C:/Users/user/Mips Processor/sources/ram.vhd" into library xil_defaultlib
INFO: [VRFC 10-3107] analyzing entity 'ram'
INFO: [VRFC 10-163] Analyzing VHDL file "C:/Users/user/Mips Processor/sources/register_32.vhd" into library xil_defaultlib
INFO: [VRFC 10-3107] analyzing entity 'register_32'
INFO: [VRFC 10-163] Analyzing VHDL file "C:/Users/user/Mips Processor/sources/register_file.vhd" into library xil_defaultlib
INFO: [VRFC 10-3107] analyzing entity 'register_file'
INFO: [VRFC 10-163] Analyzing VHDL file "C:/Users/user/Mips Processor/Mips Processor.srcs/sim_pipeline_branches/new/pipeline_branch_testbench.vhd" into library xil_defaultlib
INFO: [VRFC 10-3107] analyzing entity 'pipeline_branch_testbench'
