0   li r16 0
4   li r17 400
8   add r19 r0 r17
12   b 4
16   li r2 4
20   add r4 r0 r17
24   li r2 10
28   b -1
32   add r8 r0 r16
36   li r20 0
40   li r21 255
44   li r3 1
48   li r15 0
52   li r14 0
56   li r22 4
60   li r10 0
64   lui r23 8192
68   li r18 8
72   lw r13 r8 0
76   li r9 4
80   and r12 r21 r13
84   li r11 0
88   li r18 8
92   b 6
96   beq r12 r20 13
100   b 23
104   sub r9 r9 r3
108   bne r0 r9 -8
112   addi r8 r8 4
116   b -12
120   srl r13 r13 1
124   addi r11 r11 1
128   bne r11 r18 -3
132   b -10
136   srl r15 r15 1
140   addi r11 r11 1
144   bne r11 r18 -3
148   b 6
152   bne r0 r14 1
156   b -36
160   b 0
164   li r11 0
168   li r18 8
172   b -10
176   addi r14 r14 1
180   bne r14 r22 -5
184   sw r15 r19 0
188   add r14 r0 r0
192   b -45
196   li r24 65
200   li r25 91
204   beq r12 r24 17
208   addi r24 r24 1
212   beq r24 r25 1
216   b -4
220   li r24 97
224   li r25 123
228   beq r12 r24 11
232   addi r24 r24 1
236   beq r24 r25 20
240   b -4
244   srl r15 r15 1
248   addi r11 r11 1
252   bne r11 r18 -3
256   b 10
260   sll r12 r12 1
264   addi r11 r11 1
268   bne r11 r18 -3
272   b 3
276   li r11 0
280   li r18 24
284   b -7
288   li r11 0
292   li r18 8
296   b -14
300   add r15 r15 r12
304   addi r14 r14 1
308   li r10 0
312   beq r22 r14 3
316   b -54
320   beq r10 r0 10
324   b -56
328   sw r15 r19 0
332   addi r19 r19 4
336   li r14 0
340   add r15 r0 r0
344   b -61
348   srl r15 r15 1
352   addi r11 r11 1
356   bne r11 r18 -3
360   b 3
364   li r11 0
368   li r18 8
372   b -7
376   add r15 r15 r23
380   addi r14 r14 1
384   li r10 1
388   beq r22 r14 -16
392   b -73
396   b -1