#
# A fatal error has been detected by the Java Runtime Environment:
#
#  EXCEPTION_ACCESS_VIOLATION (0xc0000005) at pc=0x00007ffbb9390028, pid=1524, tid=5672
#
# JRE version: Java(TM) SE Runtime Environment (9.0+11) (build 9.0.4+11)
# Java VM: Java HotSpot(TM) 64-Bit Server VM (9.0.4+11, mixed mode, tiered, compressed oops, g1 gc, windows-amd64)
# Problematic frame:
# C  0x00007ffbb9390028
#
# No core dump will be written. Minidumps are not enabled by default on client versions of Windows
#
# If you would like to submit a bug report, please visit:
#   http://bugreport.java.com/bugreport/crash.jsp
# The crash happened outside the Java Virtual Machine in native code.
# See problematic frame for where to report the bug.
#

---------------  S U M M A R Y ------------

Command Line: -Dsun.java2d.pmoffscreen=false -Dsun.java2d.xrender=false -Dsun.java2d.d3d=false -Dsun.awt.nopixfmt=true -Dsun.java2d.dpiaware=true -Dsun.java2d.uiScale.enabled=false -Xverify:none -Dswing.aatext=true -XX:-UsePerfData -Djdk.map.althashing.threshold=512 -XX:StringTableSize=4072 --add-opens=java.base/java.nio=ALL-UNNAMED --add-opens=java.desktop/sun.swing=ALL-UNNAMED --add-opens=java.desktop/javax.swing=ALL-UNNAMED --add-opens=java.desktop/javax.swing.tree=ALL-UNNAMED --add-opens=java.desktop/javax.swing.plaf.basic=ALL-UNNAMED --add-opens=java.desktop/javax.swing.plaf.synth=ALL-UNNAMED --add-opens=java.desktop/com.sun.awt=ALL-UNNAMED -XX:NewSize=60m -XX:MaxNewSize=60m -Xms128m -Xmx3072m -Xss5m 

Host: AMD Ryzen 7 5800X 8-Core Processor             , 16 cores, 63G,  Windows 10 , 64 bit Build 19041 (10.0.19041.1706)
Time: Thu May 19 14:58:07 2022 GTB Daylight Time elapsed time: 4831 seconds (0d 1h 20m 31s)

---------------  T H R E A D  ---------------

Current thread (0x000001befa7ca800):  JavaThread "AWT-EventQueue-0" [_thread_in_native, id=5672, stack(0x000000b348300000,0x000000b348800000)]

Stack: [0x000000b348300000,0x000000b348800000],  sp=0x000000b3487f9d38,  free space=5095k
Native frames: (J=compiled Java code, j=interpreted, Vv=VM code, C=native code)
C  0x00007ffbb9390028

Java frames: (J=compiled Java code, j=interpreted, Vv=VM code)
J 23445  ui.views.waveform.waveformi.WVExecutive_getNameDataSize(J)J (0 bytes) @ 0x000001bee12fc7a1 [0x000001bee12fc760+0x0000000000000041]
J 23444 c1 ui.views.waveform.executive.a.jBy()Lui/views/waveform/executive/protobuf/WVNameValue$WVNameTreeMessage; (70 bytes) @ 0x000001bedb8972a4 [0x000001bedb897220+0x0000000000000084]
J 23443 c1 ui.views.waveform.f.a.GU(Z)Ljavax/swing/tree/TreeModel; (151 bytes) @ 0x000001bedb8989dc [0x000001bedb8988c0+0x000000000000011c]
J 24266 c1 ui.views.waveform.f.a.GF(Z)V (55 bytes) @ 0x000001bedb9dc6fc [0x000001bedb9dc680+0x000000000000007c]
J 23437 c1 ui.views.waveform.f.m.GF(Z)V (36 bytes) @ 0x000001bedb89324c [0x000001bedb892f80+0x00000000000002cc]
J 23867 c1 ui.views.waveform.w.aE(ZZ)V (48 bytes) @ 0x000001bedb4b7cd4 [0x000001bedb4b7460+0x0000000000000874]
J 23070 c1 ui.views.waveform.c.b.j(Lui/frmwork/b/i;)V (581 bytes) @ 0x000001bedb768444 [0x000001bedb75ee00+0x0000000000009644]
J 23069 c1 ui.views.waveform.w.a(Lui/frmwork/b/i;)V (17 bytes) @ 0x000001bedb75d994 [0x000001bedb75d8c0+0x00000000000000d4]
J 24577 c2 ui.frmwork.G.i(JZ)V (471 bytes) @ 0x000001bee1423f1c [0x000001bee14223a0+0x0000000000001b7c]
J 25473 c2 ui.frmwork.G.fireTclEvent(J)I (113 bytes) @ 0x000001bee14a8f28 [0x000001bee14a8b40+0x00000000000003e8]
v  ~StubRoutines::call_stub
J 22384  ui.views.waveform.waveformi.WVExecutive_mouseMoveEvent(JII)V (0 bytes) @ 0x000001bee11be9a9 [0x000001bee11be960+0x0000000000000049]
J 25948 c2 ui.views.waveform.b.a.mouseMoved(Ljava/awt/event/MouseEvent;)V (32 bytes) @ 0x000001bee0e7e9cc [0x000001bee0e7e960+0x000000000000006c]
J 20669 c2 java.awt.AWTEventMulticaster.mouseMoved(Ljava/awt/event/MouseEvent;)V java.desktop@9.0.4 (27 bytes) @ 0x000001bee05dbcf4 [0x000001bee05dbc40+0x00000000000000b4]
J 20669 c2 java.awt.AWTEventMulticaster.mouseMoved(Ljava/awt/event/MouseEvent;)V java.desktop@9.0.4 (27 bytes) @ 0x000001bee05dbcb4 [0x000001bee05dbc40+0x0000000000000074]
J 25947 c2 ui.frmwork.c.i.processMouseMotionEvent(Ljava/awt/event/MouseEvent;)V (131 bytes) @ 0x000001bee0710678 [0x000001bee07102e0+0x0000000000000398]
J 14803 c2 java.awt.Container.processEvent(Ljava/awt/AWTEvent;)V java.desktop@9.0.4 (22 bytes) @ 0x000001bee09fd098 [0x000001bee09fcf20+0x0000000000000178]
J 26144 c2 java.awt.Component.dispatchEventImpl(Ljava/awt/AWTEvent;)V java.desktop@9.0.4 (739 bytes) @ 0x000001bee158dffc [0x000001bee158ce80+0x000000000000117c]
J 26084 c2 java.awt.Container.dispatchEventImpl(Ljava/awt/AWTEvent;)V java.desktop@9.0.4 (129 bytes) @ 0x000001bee1572c48 [0x000001bee15728e0+0x0000000000000368]
J 22071 c2 java.awt.LightweightDispatcher.retargetMouseEvent(Ljava/awt/Component;ILjava/awt/event/MouseEvent;)V java.desktop@9.0.4 (350 bytes) @ 0x000001bee116da6c [0x000001bee116d660+0x000000000000040c]
J 26078 c2 java.awt.LightweightDispatcher.processMouseEvent(Ljava/awt/event/MouseEvent;)Z java.desktop@9.0.4 (265 bytes) @ 0x000001bee1570584 [0x000001bee156ffc0+0x00000000000005c4]
J 26084 c2 java.awt.Container.dispatchEventImpl(Ljava/awt/AWTEvent;)V java.desktop@9.0.4 (129 bytes) @ 0x000001bee1572e88 [0x000001bee15728e0+0x00000000000005a8]
J 18577 c2 java.awt.Window.dispatchEventImpl(Ljava/awt/AWTEvent;)V java.desktop@9.0.4 (23 bytes) @ 0x000001bee0f50b8c [0x000001bee0f50b40+0x000000000000004c]
J 15514 c2 java.awt.EventQueue$3.run()Ljava/lang/Object; java.desktop@9.0.4 (5 bytes) @ 0x000001bee0a4dadc [0x000001bee0a4d5e0+0x00000000000004fc]
v  ~StubRoutines::call_stub
J 4849  java.security.AccessController.doPrivileged(Ljava/security/PrivilegedAction;Ljava/security/AccessControlContext;)Ljava/lang/Object; java.base@9.0.4 (0 bytes) @ 0x000001bee01ab246 [0x000001bee01ab1e0+0x0000000000000066]
J 17752 c2 java.awt.EventQueue$4.run()Ljava/lang/Object; java.desktop@9.0.4 (5 bytes) @ 0x000001bee0dc9d40 [0x000001bee0dc9ae0+0x0000000000000260]
v  ~StubRoutines::call_stub
J 4849  java.security.AccessController.doPrivileged(Ljava/security/PrivilegedAction;Ljava/security/AccessControlContext;)Ljava/lang/Object; java.base@9.0.4 (0 bytes) @ 0x000001bee01ab246 [0x000001bee01ab1e0+0x0000000000000066]
J 15140 c2 ui.frmwork.b.d.dispatchEvent(Ljava/awt/AWTEvent;)V (34 bytes) @ 0x000001bee045670c [0x000001bee04556c0+0x000000000000104c]
J 22340 c2 java.awt.EventDispatchThread.pumpOneEventForFilters(I)V java.desktop@9.0.4 (218 bytes) @ 0x000001bee11ba320 [0x000001bee11b9840+0x0000000000000ae0]
J 24850% c2 java.awt.EventDispatchThread.pumpEventsForFilter(ILjava/awt/Conditional;Ljava/awt/EventFilter;)V java.desktop@9.0.4 (47 bytes) @ 0x000001bee022b358 [0x000001bee022b240+0x0000000000000118]
j  java.awt.EventDispatchThread.pumpEventsForHierarchy(ILjava/awt/Conditional;Ljava/awt/Component;)V+11 java.desktop@9.0.4
j  java.awt.EventDispatchThread.pumpEvents(ILjava/awt/Conditional;)V+4 java.desktop@9.0.4
j  java.awt.EventDispatchThread.pumpEvents(Ljava/awt/Conditional;)V+3 java.desktop@9.0.4
j  java.awt.EventDispatchThread.run()V+9 java.desktop@9.0.4
v  ~StubRoutines::call_stub

siginfo: EXCEPTION_ACCESS_VIOLATION (0xc0000005), data execution prevention violation at address 0x00007ffbb9390028


Register to memory mapping:

RIP=0x00007ffbb9390028 is an unknown value
RAX=0x000001be8f905130 is an unknown value
RBX=0x000001be8f905130 is an unknown value
RCX=0x000001be8f905130 is an unknown value
RDX=0x00007ffbb9333620 is an unknown value
RSP=0x000000b3487f9d38 is pointing into the stack for thread: 0x000001befa7ca800
RBP=0x000000b3487f9db9 is pointing into the stack for thread: 0x000001befa7ca800
RSI=0x00007ffbb932d5f8 is an unknown value
RDI=0x000000b3487f9e68 is pointing into the stack for thread: 0x000001befa7ca800
R8 =0x0000000000000006 is an unknown value
R9 =0x0000000000000000 is an unknown value
R10=0x00007ffbb8f20000 is an unknown value
R11=0x000000b3487f9d10 is pointing into the stack for thread: 0x000001befa7ca800
R12=0x0000000000000000 is an unknown value
R13=0x000000b3487f9f80 is pointing into the stack for thread: 0x000001befa7ca800
R14=0x000001be8f4671c0 is an unknown value
R15=0x0000000000000000 is an unknown value


Registers:
RAX=0x000001be8f905130, RBX=0x000001be8f905130, RCX=0x000001be8f905130, RDX=0x00007ffbb9333620
RSP=0x000000b3487f9d38, RBP=0x000000b3487f9db9, RSI=0x00007ffbb932d5f8, RDI=0x000000b3487f9e68
R8 =0x0000000000000006, R9 =0x0000000000000000, R10=0x00007ffbb8f20000, R11=0x000000b3487f9d10
R12=0x0000000000000000, R13=0x000000b3487f9f80, R14=0x000001be8f4671c0, R15=0x0000000000000000
RIP=0x00007ffbb9390028, EFLAGS=0x0000000000010206

Top of Stack: (sp=0x000000b3487f9d38)
0x000000b3487f9d38:   00007ffbb919039e 000000b3487fa190
0x000000b3487f9d48:   000001be8f4671d8 00007ffbb932d5f8
0x000000b3487f9d58:   000000b3487f9e68 0000000000000000
0x000000b3487f9d68:   00007ffc4ae9fde6 0000000000000000
0x000000b3487f9d78:   fffffffffffffffe 0000000000000000
0x000000b3487f9d88:   0000000000000000 0000000000000000
0x000000b3487f9d98:   000000000000000f 0000000000000000
0x000000b3487f9da8:   00007ffbec84de5e 0000000000000000
0x000000b3487f9db8:   000000000000000f 616c6163532d7677
0x000000b3487f9dc8:   00007ffbec150072 0000000000000009
0x000000b3487f9dd8:   000000000000000f 0000f26a93e20afc
0x000000b3487f9de8:   0000000000000000 000001be86969b90
0x000000b3487f9df8:   0000000000000000 0000000000000000
0x000000b3487f9e08:   000000b3487fa190 0000000000000000
0x000000b3487f9e18:   00007ffbb918f980 000000b3487fa190
0x000000b3487f9e28:   00007ffbec8fd489 000000b3487fa190 

Instructions: (pc=0x00007ffbb9390028)
0x00007ffbb9390008:   00 00 00 00 ff ff ff ff 00 00 00 00 40 00 00 00
0x00007ffbb9390018:   c8 ff 46 00 00 00 00 00 00 00 00 00 00 00 00 00
0x00007ffbb9390028:   01 00 00 00 00 00 00 00 00 00 00 00 90 9b 5a 00
0x00007ffbb9390038:   50 00 47 00 28 00 47 00 00 00 00 00 00 00 00 00 



---------------  P R O C E S S  ---------------

Java Threads: ( => current thread )
  0x000001be86542000 JavaThread "Relaunch Simulation Thread" [_thread_blocked, id=11492, stack(0x000000b34d500000,0x000000b34da00000)]
  0x000001be8653e000 JavaThread "Swing-Shell" daemon [_thread_blocked, id=7776, stack(0x000000b34da00000,0x000000b34df00000)]
  0x000001be86545000 JavaThread "Image Animator 3" daemon [_thread_blocked, id=13352, stack(0x000000b34e600000,0x000000b34eb00000)]
  0x000001be86543800 JavaThread "SyntheticaAnimation 50" daemon [_thread_blocked, id=764, stack(0x000000b34c200000,0x000000b34c700000)]
  0x000001be8653f000 JavaThread "Update Runs Swing Worker Thread" [_thread_blocked, id=13108, stack(0x000000b34c700000,0x000000b34cc00000)]
  0x000001be86542800 JavaThread "hw_ila_monitor" [_thread_blocked, id=15864, stack(0x000000b34bd00000,0x000000b34c200000)]
  0x000001be8653d800 JavaThread "Refresh Filesets Swing Worker Thread" [_thread_blocked, id=1964, stack(0x000000b34b800000,0x000000b34bd00000)]
  0x000001beee9c1800 JavaThread "SyntheticaAnimation 70" daemon [_thread_blocked, id=5844, stack(0x000000b347e00000,0x000000b348300000)]
  0x000001beee9c2000 JavaThread "SyntheticaAnimation 25" daemon [_thread_blocked, id=5048, stack(0x000000b349200000,0x000000b349700000)]
  0x000001beee9bd800 JavaThread "SyntheticaAnimation 50" daemon [_thread_blocked, id=14796, stack(0x000000b34ae00000,0x000000b34b300000)]
  0x000001beee9be800 JavaThread "Monitor HEventQueue Thread" [_thread_blocked, id=2640, stack(0x000000b34a900000,0x000000b34ae00000)]
  0x000001beee9c3000 JavaThread "SyntheticaCleanerThread" daemon [_thread_blocked, id=12504, stack(0x000000b34a100000,0x000000b34a600000)]
  0x000001beee9c0800 JavaThread "Batik CleanerThread" daemon [_thread_blocked, id=7624, stack(0x000000b349700000,0x000000b349c00000)]
  0x000001beee9bd000 JavaThread "SeedGenerator Thread" daemon [_thread_blocked, id=5516, stack(0x000000b348800000,0x000000b348d00000)]
  0x000001bef9e6a000 JavaThread "Process Messages Thread" [_thread_blocked, id=6576, stack(0x000000b348d00000,0x000000b349200000)]
  0x000001befa1a3000 JavaThread "Thread-1" [_thread_in_native, id=7132, stack(0x000000b340300000,0x000000b341700000)]
=>0x000001befa7ca800 JavaThread "AWT-EventQueue-0" [_thread_in_native, id=5672, stack(0x000000b348300000,0x000000b348800000)]
  0x000001bef87f8800 JavaThread "TimerQueue" daemon [_thread_blocked, id=1916, stack(0x000000b347900000,0x000000b347e00000)]
  0x000001bef8462800 JavaThread "AWT-Windows" daemon [_thread_in_native, id=4984, stack(0x000000b347400000,0x000000b347900000)]
  0x000001bef8462000 JavaThread "AWT-Shutdown" [_thread_blocked, id=3340, stack(0x000000b346f00000,0x000000b347400000)]
  0x000001bef8461000 JavaThread "Java2D Disposer" daemon [_thread_blocked, id=5636, stack(0x000000b346a00000,0x000000b346f00000)]
  0x000001bef7f3c800 JavaThread "Service Thread" daemon [_thread_blocked, id=12340, stack(0x000000b346400000,0x000000b346900000)]
  0x000001beee9d5800 JavaThread "Common-Cleaner" daemon [_thread_blocked, id=8816, stack(0x000000b345f00000,0x000000b346400000)]
  0x000001beee9c0000 JavaThread "Sweeper thread" daemon [_thread_blocked, id=1912, stack(0x000000b345a00000,0x000000b345f00000)]
  0x000001beeeb6b000 JavaThread "C1 CompilerThread11" daemon [_thread_blocked, id=2364, stack(0x000000b345900000,0x000000b345a00000)]
  0x000001beeeb6a800 JavaThread "C1 CompilerThread10" daemon [_thread_blocked, id=3304, stack(0x000000b345800000,0x000000b345900000)]
  0x000001beee9bb800 JavaThread "C1 CompilerThread9" daemon [_thread_blocked, id=8992, stack(0x000000b345700000,0x000000b345800000)]
  0x000001beeec88000 JavaThread "C1 CompilerThread8" daemon [_thread_blocked, id=3308, stack(0x000000b345600000,0x000000b345700000)]
  0x000001beeec83800 JavaThread "C2 CompilerThread7" daemon [_thread_blocked, id=5332, stack(0x000000b345500000,0x000000b345600000)]
  0x000001beeec80800 JavaThread "C2 CompilerThread6" daemon [_thread_blocked, id=3320, stack(0x000000b345400000,0x000000b345500000)]
  0x000001beeec7f800 JavaThread "C2 CompilerThread5" daemon [_thread_blocked, id=4440, stack(0x000000b345300000,0x000000b345400000)]
  0x000001beeec7f000 JavaThread "C2 CompilerThread4" daemon [_thread_blocked, id=4384, stack(0x000000b345200000,0x000000b345300000)]
  0x000001beeec7a000 JavaThread "C2 CompilerThread3" daemon [_thread_blocked, id=7096, stack(0x000000b345100000,0x000000b345200000)]
  0x000001beeec79800 JavaThread "C2 CompilerThread2" daemon [_thread_blocked, id=7424, stack(0x000000b345000000,0x000000b345100000)]
  0x000001beeec78800 JavaThread "C2 CompilerThread1" daemon [_thread_blocked, id=3376, stack(0x000000b344f00000,0x000000b345000000)]
  0x000001beea9a4000 JavaThread "C2 CompilerThread0" daemon [_thread_blocked, id=3092, stack(0x000000b344e00000,0x000000b344f00000)]
  0x000001beea9a3800 JavaThread "Attach Listener" daemon [_thread_blocked, id=8940, stack(0x000000b344900000,0x000000b344e00000)]
  0x000001becec95800 JavaThread "Signal Dispatcher" daemon [_thread_blocked, id=8432, stack(0x000000b344400000,0x000000b344900000)]
  0x000001beea705800 JavaThread "Finalizer" daemon [_thread_blocked, id=4988, stack(0x000000b343f00000,0x000000b344400000)]
  0x000001beec0ba800 JavaThread "Reference Handler" daemon [_thread_blocked, id=5000, stack(0x000000b343a00000,0x000000b343f00000)]
  0x000001bed087e000 JavaThread "main" [_thread_blocked, id=10404, stack(0x000000b341a00000,0x000000b341b00000)]

Other Threads:
  0x000001beec0ba000 VMThread "VM Thread" [stack: 0x000000b343900000,0x000000b343a00000] [id=9600]
  0x000001bef7ed7000 WatcherThread [stack: 0x000000b346900000,0x000000b346a00000] [id=7640]
  0x000001bed09cb800 GCTaskThread "GC Thread#0" [stack: 0x000000b341900000,0x000000b341a00000] [id=13024]
  0x000001beeecd4800 GCTaskThread "GC Thread#1" [stack: 0x000000b341b00000,0x000000b341c00000] [id=1224]
  0x000001bed087e800 GCTaskThread "GC Thread#2" [stack: 0x000000b341c00000,0x000000b341d00000] [id=11040]
  0x000001beee433000 GCTaskThread "GC Thread#3" [stack: 0x000000b341d00000,0x000000b341e00000] [id=12444]
  0x000001beee48d000 GCTaskThread "GC Thread#4" [stack: 0x000000b341e00000,0x000000b341f00000] [id=10656]
  0x000001beeed79800 GCTaskThread "GC Thread#5" [stack: 0x000000b341f00000,0x000000b342000000] [id=15944]
  0x000001beed79e800 GCTaskThread "GC Thread#6" [stack: 0x000000b342000000,0x000000b342100000] [id=3824]
  0x000001beed79f800 GCTaskThread "GC Thread#7" [stack: 0x000000b342100000,0x000000b342200000] [id=12852]
  0x000001beed791000 GCTaskThread "GC Thread#8" [stack: 0x000000b342200000,0x000000b342300000] [id=7476]
  0x000001beeac95800 GCTaskThread "GC Thread#9" [stack: 0x000000b342300000,0x000000b342400000] [id=9388]
  0x000001beebe90800 GCTaskThread "GC Thread#10" [stack: 0x000000b342400000,0x000000b342500000] [id=1716]
  0x000001beebe91000 GCTaskThread "GC Thread#11" [stack: 0x000000b342500000,0x000000b342600000] [id=16204]
  0x000001beee69d800 GCTaskThread "GC Thread#12" [stack: 0x000000b342600000,0x000000b342700000] [id=3380]
  0x000001beee6d1800 ConcurrentGCThread "G1 Main Marker" [stack: 0x000000b343500000,0x000000b343600000] [id=8320]
  0x000001beee6d2000 ConcurrentGCThread "G1 Marker#0" [stack: 0x000000b343600000,0x000000b343700000] [id=8312]
  0x000001beee6d2800 ConcurrentGCThread "G1 Marker#1" [stack: 0x000000b343700000,0x000000b343800000] [id=13672]
  0x000001beeb237000 ConcurrentGCThread "G1 Marker#2" [stack: 0x000000b343800000,0x000000b343900000] [id=8212]
  0x000001beef34e800 ConcurrentGCThread "G1 Refine#0" [stack: 0x000000b343300000,0x000000b343400000] [id=8292]
  0x000001beef34e000 ConcurrentGCThread "G1 Refine#1" [stack: 0x000000b343200000,0x000000b343300000] [id=3180]
  0x000001beef34d800 ConcurrentGCThread "G1 Refine#2" [stack: 0x000000b343100000,0x000000b343200000] [id=8264]
  0x000001beee6f4800 ConcurrentGCThread "G1 Refine#3" [stack: 0x000000b343000000,0x000000b343100000] [id=12716]
  0x000001beee6f4000 ConcurrentGCThread "G1 Refine#4" [stack: 0x000000b342f00000,0x000000b343000000] [id=10688]
  0x000001beee6f3800 ConcurrentGCThread "G1 Refine#5" [stack: 0x000000b342e00000,0x000000b342f00000] [id=8620]
  0x000001beead9b800 ConcurrentGCThread "G1 Refine#6" [stack: 0x000000b342d00000,0x000000b342e00000] [id=10512]
  0x000001beead9b000 ConcurrentGCThread "G1 Refine#7" [stack: 0x000000b342c00000,0x000000b342d00000] [id=10616]
  0x000001beead9a800 ConcurrentGCThread "G1 Refine#8" [stack: 0x000000b342b00000,0x000000b342c00000] [id=11532]
  0x000001beeeecb000 ConcurrentGCThread "G1 Refine#9" [stack: 0x000000b342a00000,0x000000b342b00000] [id=7764]
  0x000001beeeeca800 ConcurrentGCThread "G1 Refine#10" [stack: 0x000000b342900000,0x000000b342a00000] [id=2176]
  0x000001beeb241000 ConcurrentGCThread "G1 Refine#11" [stack: 0x000000b342800000,0x000000b342900000] [id=10628]
  0x000001beeb240800 ConcurrentGCThread "G1 Refine#12" [stack: 0x000000b342700000,0x000000b342800000] [id=14928]
  0x000001beedfa1800 ConcurrentGCThread "G1 Young RemSet Sampling" [stack: 0x000000b343400000,0x000000b343500000] [id=8316]

Threads with active compile tasks:

VM state:not at safepoint (normal execution)

VM Mutex/Monitor currently owned by a thread: None

Heap address: 0x0000000700000000, size: 3072 MB, Compressed Oops mode: Zero based, Oop shift amount: 3
Narrow klass base: 0x0000000000000000, Narrow klass shift: 3
Compressed class space size: 1073741824 Address: 0x00000007c0000000

Heap:
 garbage-first heap   total 311296K, used 149436K [0x0000000700000000, 0x0000000700100980, 0x00000007c0000000)
  region size 1024K, 39 young (39936K), 1 survivors (1024K)
 Metaspace       used 91053K, capacity 92907K, committed 101888K, reserved 1136640K
  class space    used 12503K, capacity 12919K, committed 14848K, reserved 1048576K
Heap Regions: E=young(eden), S=young(survivor), O=old, HS=humongous(starts), HC=humongous(continues), CS=collection set, F=free, A=archive, TS=gc time stamp, AC=allocation context, TAMS=top-at-mark-start (previous, next)
|   0|0x0000000700000000, 0x00000007000fcbc8, 0x0000000700100000| 98%| O|  |TS  0|AC  0|TAMS 0x0000000700000000, 0x0000000700000000|
|   1|0x0000000700100000, 0x00000007001f94f0, 0x0000000700200000| 97%| O|  |TS  0|AC  0|TAMS 0x0000000700100000, 0x0000000700100000|
|   2|0x0000000700200000, 0x0000000700300000, 0x0000000700300000|100%|HS|  |TS  0|AC  0|TAMS 0x0000000700200000, 0x0000000700200000|
|   3|0x0000000700300000, 0x0000000700400000, 0x0000000700400000|100%|HC|  |TS  0|AC  0|TAMS 0x0000000700300000, 0x0000000700300000|
|   4|0x0000000700400000, 0x0000000700500000, 0x0000000700500000|100%|HS|  |TS  0|AC  0|TAMS 0x0000000700400000, 0x0000000700400000|
|   5|0x0000000700500000, 0x00000007005e27e0, 0x0000000700600000| 88%| O|  |TS  0|AC  0|TAMS 0x0000000700500000, 0x0000000700500000|
|   6|0x0000000700600000, 0x00000007006e53c0, 0x0000000700700000| 89%| O|  |TS  0|AC  0|TAMS 0x0000000700600000, 0x0000000700600000|
|   7|0x0000000700700000, 0x00000007007f5c50, 0x0000000700800000| 96%| O|  |TS  0|AC  0|TAMS 0x0000000700700000, 0x0000000700700000|
|   8|0x0000000700800000, 0x00000007008fa830, 0x0000000700900000| 97%| O|  |TS  0|AC  0|TAMS 0x0000000700800000, 0x0000000700800000|
|   9|0x0000000700900000, 0x00000007009fe4b8, 0x0000000700a00000| 99%| O|  |TS  0|AC  0|TAMS 0x0000000700900000, 0x0000000700900000|
|  10|0x0000000700a00000, 0x0000000700afffe8, 0x0000000700b00000| 99%| O|  |TS  0|AC  0|TAMS 0x0000000700a00000, 0x0000000700a00000|
|  11|0x0000000700b00000, 0x0000000700c00000, 0x0000000700c00000|100%| O|  |TS  0|AC  0|TAMS 0x0000000700b00000, 0x0000000700b00000|
|  12|0x0000000700c00000, 0x0000000700cfffe8, 0x0000000700d00000| 99%| O|  |TS  0|AC  0|TAMS 0x0000000700c00000, 0x0000000700c00000|
|  13|0x0000000700d00000, 0x0000000700df95e0, 0x0000000700e00000| 97%| O|  |TS  0|AC  0|TAMS 0x0000000700d00000, 0x0000000700d00000|
|  14|0x0000000700e00000, 0x0000000700effff0, 0x0000000700f00000| 99%| O|  |TS  0|AC  0|TAMS 0x0000000700e00000, 0x0000000700e00000|
|  15|0x0000000700f00000, 0x0000000700fe9de8, 0x0000000701000000| 91%| O|  |TS  0|AC  0|TAMS 0x0000000700f00000, 0x0000000700f00000|
|  16|0x0000000701000000, 0x00000007010ff030, 0x0000000701100000| 99%| O|  |TS  0|AC  0|TAMS 0x0000000701000000, 0x0000000701000000|
|  17|0x0000000701100000, 0x0000000701200000, 0x0000000701200000|100%| O|  |TS  0|AC  0|TAMS 0x0000000701100000, 0x0000000701100000|
|  18|0x0000000701200000, 0x00000007012ffd90, 0x0000000701300000| 99%| O|  |TS  0|AC  0|TAMS 0x0000000701200000, 0x0000000701200000|
|  19|0x0000000701300000, 0x00000007013fffe8, 0x0000000701400000| 99%| O|  |TS  0|AC  0|TAMS 0x0000000701300000, 0x0000000701300000|
|  20|0x0000000701400000, 0x00000007014ffe58, 0x0000000701500000| 99%| O|  |TS  0|AC  0|TAMS 0x0000000701400000, 0x0000000701400000|
|  21|0x0000000701500000, 0x00000007015ffff8, 0x0000000701600000| 99%| O|  |TS  0|AC  0|TAMS 0x0000000701500000, 0x0000000701500000|
|  22|0x0000000701600000, 0x00000007016fffe8, 0x0000000701700000| 99%| O|  |TS  0|AC  0|TAMS 0x0000000701600000, 0x0000000701600000|
|  23|0x0000000701700000, 0x00000007017ffff0, 0x0000000701800000| 99%| O|  |TS  0|AC  0|TAMS 0x0000000701700000, 0x0000000701700000|
|  24|0x0000000701800000, 0x0000000701900000, 0x0000000701900000|100%| O|  |TS  0|AC  0|TAMS 0x0000000701800000, 0x0000000701800000|
|  25|0x0000000701900000, 0x00000007019fffe8, 0x0000000701a00000| 99%| O|  |TS  0|AC  0|TAMS 0x0000000701900000, 0x0000000701900000|
|  26|0x0000000701a00000, 0x0000000701affff0, 0x0000000701b00000| 99%| O|  |TS  0|AC  0|TAMS 0x0000000701a00000, 0x0000000701a00000|
|  27|0x0000000701b00000, 0x0000000701bfffe0, 0x0000000701c00000| 99%| O|  |TS  0|AC  0|TAMS 0x0000000701b00000, 0x0000000701b00000|
|  28|0x0000000701c00000, 0x0000000701cffff8, 0x0000000701d00000| 99%| O|  |TS  0|AC  0|TAMS 0x0000000701c00000, 0x0000000701c00000|
|  29|0x0000000701d00000, 0x0000000701dffff8, 0x0000000701e00000| 99%| O|  |TS  0|AC  0|TAMS 0x0000000701d00000, 0x0000000701d00000|
|  30|0x0000000701e00000, 0x0000000701effff0, 0x0000000701f00000| 99%| O|  |TS  0|AC  0|TAMS 0x0000000701e00000, 0x0000000701e00000|
|  31|0x0000000701f00000, 0x0000000701ffff90, 0x0000000702000000| 99%| O|  |TS  0|AC  0|TAMS 0x0000000701f00000, 0x0000000701f00000|
|  32|0x0000000702000000, 0x00000007020fffe0, 0x0000000702100000| 99%| O|  |TS  0|AC  0|TAMS 0x0000000702000000, 0x0000000702000000|
|  33|0x0000000702100000, 0x0000000702200000, 0x0000000702200000|100%| O|  |TS  0|AC  0|TAMS 0x0000000702100000, 0x0000000702100000|
|  34|0x0000000702200000, 0x00000007022ffe70, 0x0000000702300000| 99%| O|  |TS  0|AC  0|TAMS 0x0000000702200000, 0x0000000702200000|
|  35|0x0000000702300000, 0x00000007023fffe8, 0x0000000702400000| 99%| O|  |TS  0|AC  0|TAMS 0x0000000702300000, 0x0000000702300000|
|  36|0x0000000702400000, 0x00000007024ffff8, 0x0000000702500000| 99%| O|  |TS  0|AC  0|TAMS 0x0000000702400000, 0x0000000702400000|
|  37|0x0000000702500000, 0x0000000702600000, 0x0000000702600000|100%| O|  |TS  0|AC  0|TAMS 0x0000000702500000, 0x0000000702500000|
|  38|0x0000000702600000, 0x00000007026fff38, 0x0000000702700000| 99%| O|  |TS  0|AC  0|TAMS 0x0000000702600000, 0x0000000702600000|
|  39|0x0000000702700000, 0x00000007027fffe0, 0x0000000702800000| 99%| O|  |TS  0|AC  0|TAMS 0x0000000702700000, 0x0000000702700000|
|  40|0x0000000702800000, 0x0000000702900000, 0x0000000702900000|100%| O|  |TS  0|AC  0|TAMS 0x0000000702800000, 0x0000000702800000|
|  41|0x0000000702900000, 0x00000007029ffae0, 0x0000000702a00000| 99%| O|  |TS  0|AC  0|TAMS 0x0000000702900000, 0x0000000702900000|
|  42|0x0000000702a00000, 0x0000000702afffc0, 0x0000000702b00000| 99%| O|  |TS  0|AC  0|TAMS 0x0000000702a00000, 0x0000000702a00000|
|  43|0x0000000702b00000, 0x0000000702bfffe0, 0x0000000702c00000| 99%| O|  |TS  0|AC  0|TAMS 0x0000000702b00000, 0x0000000702b00000|
|  44|0x0000000702c00000, 0x0000000702d00000, 0x0000000702d00000|100%| O|  |TS  0|AC  0|TAMS 0x0000000702c00000, 0x0000000702c00000|
|  45|0x0000000702d00000, 0x0000000702dffff8, 0x0000000702e00000| 99%| O|  |TS  0|AC  0|TAMS 0x0000000702d00000, 0x0000000702d00000|
|  46|0x0000000702e00000, 0x0000000702efffc8, 0x0000000702f00000| 99%| O|  |TS  0|AC  0|TAMS 0x0000000702e00000, 0x0000000702e00000|
|  47|0x0000000702f00000, 0x0000000702ffff80, 0x0000000703000000| 99%| O|  |TS  0|AC  0|TAMS 0x0000000702f00000, 0x0000000702f00000|
|  48|0x0000000703000000, 0x00000007030ffeb8, 0x0000000703100000| 99%| O|  |TS  0|AC  0|TAMS 0x0000000703000000, 0x0000000703000000|
|  49|0x0000000703100000, 0x0000000703200000, 0x0000000703200000|100%|HS|  |TS  0|AC  0|TAMS 0x0000000703100000, 0x0000000703100000|
|  50|0x0000000703200000, 0x0000000703300000, 0x0000000703300000|100%|HC|  |TS  0|AC  0|TAMS 0x0000000703200000, 0x0000000703200000|
|  51|0x0000000703300000, 0x0000000703400000, 0x0000000703400000|100%|HC|  |TS  0|AC  0|TAMS 0x0000000703300000, 0x0000000703300000|
|  52|0x0000000703400000, 0x0000000703500000, 0x0000000703500000|100%|HC|  |TS  0|AC  0|TAMS 0x0000000703400000, 0x0000000703400000|
|  53|0x0000000703500000, 0x0000000703600000, 0x0000000703600000|100%|HC|  |TS  0|AC  0|TAMS 0x0000000703500000, 0x0000000703500000|
|  54|0x0000000703600000, 0x0000000703700000, 0x0000000703700000|100%|HC|  |TS  0|AC  0|TAMS 0x0000000703600000, 0x0000000703600000|
|  55|0x0000000703700000, 0x0000000703800000, 0x0000000703800000|100%|HC|  |TS  0|AC  0|TAMS 0x0000000703700000, 0x0000000703700000|
|  56|0x0000000703800000, 0x0000000703900000, 0x0000000703900000|100%|HC|  |TS  0|AC  0|TAMS 0x0000000703800000, 0x0000000703800000|
|  57|0x0000000703900000, 0x0000000703a00000, 0x0000000703a00000|100%| O|  |TS  0|AC  0|TAMS 0x0000000703900000, 0x0000000703900000|
|  58|0x0000000703a00000, 0x0000000703affff8, 0x0000000703b00000| 99%| O|  |TS  0|AC  0|TAMS 0x0000000703a00000, 0x0000000703a00000|
|  59|0x0000000703b00000, 0x0000000703bfeb60, 0x0000000703c00000| 99%| O|  |TS  0|AC  0|TAMS 0x0000000703b00000, 0x0000000703b00000|
|  60|0x0000000703c00000, 0x0000000703cfe590, 0x0000000703d00000| 99%| O|  |TS  0|AC  0|TAMS 0x0000000703c00000, 0x0000000703c00000|
|  61|0x0000000703d00000, 0x0000000703dffff0, 0x0000000703e00000| 99%| O|  |TS  0|AC  0|TAMS 0x0000000703d00000, 0x0000000703d00000|
|  62|0x0000000703e00000, 0x0000000703effff0, 0x0000000703f00000| 99%| O|  |TS  0|AC  0|TAMS 0x0000000703e00000, 0x0000000703e00000|
|  63|0x0000000703f00000, 0x0000000703ffe158, 0x0000000704000000| 99%| O|  |TS  0|AC  0|TAMS 0x0000000703f00000, 0x0000000703f00000|
|  64|0x0000000704000000, 0x00000007040ff7e0, 0x0000000704100000| 99%| O|  |TS  0|AC  0|TAMS 0x0000000704000000, 0x0000000704000000|
|  65|0x0000000704100000, 0x00000007041ffff0, 0x0000000704200000| 99%| O|  |TS  0|AC  0|TAMS 0x0000000704100000, 0x0000000704100000|
|  66|0x0000000704200000, 0x00000007042fb7c8, 0x0000000704300000| 98%| O|  |TS  0|AC  0|TAMS 0x0000000704200000, 0x0000000704200000|
|  67|0x0000000704300000, 0x0000000704400000, 0x0000000704400000|100%| O|  |TS  0|AC  0|TAMS 0x0000000704300000, 0x0000000704300000|
|  68|0x0000000704400000, 0x00000007044ffff0, 0x0000000704500000| 99%| O|  |TS  0|AC  0|TAMS 0x0000000704400000, 0x0000000704400000|
|  69|0x0000000704500000, 0x00000007045ffbe0, 0x0000000704600000| 99%| O|  |TS  0|AC  0|TAMS 0x0000000704500000, 0x0000000704500000|
|  70|0x0000000704600000, 0x00000007046ffe40, 0x0000000704700000| 99%| O|  |TS  0|AC  0|TAMS 0x0000000704600000, 0x0000000704600000|
|  71|0x0000000704700000, 0x00000007047ffff8, 0x0000000704800000| 99%| O|  |TS  0|AC  0|TAMS 0x0000000704700000, 0x0000000704700000|
|  72|0x0000000704800000, 0x00000007048ffee8, 0x0000000704900000| 99%| O|  |TS  0|AC  0|TAMS 0x0000000704800000, 0x0000000704800000|
|  73|0x0000000704900000, 0x00000007049fff08, 0x0000000704a00000| 99%| O|  |TS  0|AC  0|TAMS 0x0000000704900000, 0x0000000704900000|
|  74|0x0000000704a00000, 0x0000000704b00000, 0x0000000704b00000|100%| O|  |TS  0|AC  0|TAMS 0x0000000704a00000, 0x0000000704a00000|
|  75|0x0000000704b00000, 0x0000000704bfff30, 0x0000000704c00000| 99%| O|  |TS  0|AC  0|TAMS 0x0000000704b00000, 0x0000000704b00000|
|  76|0x0000000704c00000, 0x0000000704cfffe8, 0x0000000704d00000| 99%| O|  |TS  0|AC  0|TAMS 0x0000000704c00000, 0x0000000704c00000|
|  77|0x0000000704d00000, 0x0000000704dfff38, 0x0000000704e00000| 99%| O|  |TS  0|AC  0|TAMS 0x0000000704d00000, 0x0000000704d00000|
|  78|0x0000000704e00000, 0x0000000704efff40, 0x0000000704f00000| 99%| O|  |TS  0|AC  0|TAMS 0x0000000704e00000, 0x0000000704e00000|
|  79|0x0000000704f00000, 0x0000000704fffff0, 0x0000000705000000| 99%| O|  |TS  0|AC  0|TAMS 0x0000000704f00000, 0x0000000704f00000|
|  80|0x0000000705000000, 0x00000007050fff20, 0x0000000705100000| 99%| O|  |TS  0|AC  0|TAMS 0x0000000705000000, 0x0000000705000000|
|  81|0x0000000705100000, 0x00000007051fffe8, 0x0000000705200000| 99%| O|  |TS  0|AC  0|TAMS 0x0000000705100000, 0x0000000705100000|
|  82|0x0000000705200000, 0x00000007052c8ae8, 0x0000000705300000| 78%| O|  |TS  0|AC  0|TAMS 0x0000000705200000, 0x0000000705200000|
|  83|0x0000000705300000, 0x00000007053ffff0, 0x0000000705400000| 99%| O|  |TS  0|AC  0|TAMS 0x0000000705300000, 0x0000000705300000|
|  84|0x0000000705400000, 0x00000007054fffe8, 0x0000000705500000| 99%| O|  |TS  0|AC  0|TAMS 0x0000000705400000, 0x0000000705400000|
|  85|0x0000000705500000, 0x0000000705600000, 0x0000000705600000|100%| O|  |TS  0|AC  0|TAMS 0x0000000705500000, 0x0000000705500000|
|  86|0x0000000705600000, 0x00000007056fffe0, 0x0000000705700000| 99%| O|  |TS  0|AC  0|TAMS 0x0000000705600000, 0x0000000705600000|
|  87|0x0000000705700000, 0x00000007057fff98, 0x0000000705800000| 99%| O|  |TS  0|AC  0|TAMS 0x0000000705700000, 0x0000000705700000|
|  88|0x0000000705800000, 0x0000000705900000, 0x0000000705900000|100%| O|  |TS  0|AC  0|TAMS 0x0000000705800000, 0x0000000705800000|
|  89|0x0000000705900000, 0x0000000705a00000, 0x0000000705a00000|100%| O|  |TS  0|AC  0|TAMS 0x0000000705900000, 0x0000000705900000|
|  90|0x0000000705a00000, 0x0000000705affff0, 0x0000000705b00000| 99%| O|  |TS  0|AC  0|TAMS 0x0000000705a00000, 0x0000000705a00000|
|  91|0x0000000705b00000, 0x0000000705bffeb0, 0x0000000705c00000| 99%| O|  |TS  0|AC  0|TAMS 0x0000000705b00000, 0x0000000705b00000|
|  92|0x0000000705c00000, 0x0000000705d00000, 0x0000000705d00000|100%| O|  |TS  0|AC  0|TAMS 0x0000000705c00000, 0x0000000705c00000|
|  93|0x0000000705d00000, 0x0000000705dfffd0, 0x0000000705e00000| 99%| O|  |TS  0|AC  0|TAMS 0x0000000705d00000, 0x0000000705d00000|
|  94|0x0000000705e00000, 0x0000000705f00000, 0x0000000705f00000|100%| O|  |TS  0|AC  0|TAMS 0x0000000705e00000, 0x0000000705e00000|
|  95|0x0000000705f00000, 0x0000000706000000, 0x0000000706000000|100%| O|  |TS  0|AC  0|TAMS 0x0000000705f00000, 0x0000000705f00000|
|  96|0x0000000706000000, 0x00000007060fffe8, 0x0000000706100000| 99%| O|  |TS  0|AC  0|TAMS 0x0000000706000000, 0x0000000706000000|
|  97|0x0000000706100000, 0x00000007061ffff8, 0x0000000706200000| 99%| O|  |TS  0|AC  0|TAMS 0x0000000706100000, 0x0000000706100000|
|  98|0x0000000706200000, 0x00000007062ffff0, 0x0000000706300000| 99%| O|  |TS  0|AC  0|TAMS 0x0000000706200000, 0x0000000706200000|
|  99|0x0000000706300000, 0x00000007063ffff8, 0x0000000706400000| 99%| O|  |TS  0|AC  0|TAMS 0x0000000706300000, 0x0000000706300000|
| 100|0x0000000706400000, 0x00000007064fffe8, 0x0000000706500000| 99%| O|  |TS  0|AC  0|TAMS 0x0000000706400000, 0x0000000706400000|
| 101|0x0000000706500000, 0x00000007065da2f0, 0x0000000706600000| 85%| O|  |TS  0|AC  0|TAMS 0x0000000706500000, 0x0000000706500000|
| 102|0x0000000706600000, 0x0000000706700000, 0x0000000706700000|100%|HS|  |TS  0|AC  0|TAMS 0x0000000706600000, 0x0000000706600000|
| 103|0x0000000706700000, 0x0000000706700000, 0x0000000706800000|  0%| F|  |TS  0|AC  0|TAMS 0x0000000706700000, 0x0000000706700000|
| 104|0x0000000706800000, 0x0000000706900000, 0x0000000706900000|100%|HS|  |TS  0|AC  0|TAMS 0x0000000706800000, 0x0000000706800000|
| 105|0x0000000706900000, 0x0000000706a00000, 0x0000000706a00000|100%|HC|  |TS  0|AC  0|TAMS 0x0000000706900000, 0x0000000706900000|
| 106|0x0000000706a00000, 0x0000000706b00000, 0x0000000706b00000|100%|HC|  |TS  0|AC  0|TAMS 0x0000000706a00000, 0x0000000706a00000|
| 107|0x0000000706b00000, 0x0000000706c00000, 0x0000000706c00000|100%|HS|  |TS  0|AC  0|TAMS 0x0000000706b00000, 0x0000000706b00000|
| 108|0x0000000706c00000, 0x0000000706d00000, 0x0000000706d00000|100%|HC|  |TS  0|AC  0|TAMS 0x0000000706c00000, 0x0000000706c00000|
| 109|0x0000000706d00000, 0x0000000706e00000, 0x0000000706e00000|100%|HC|  |TS  0|AC  0|TAMS 0x0000000706d00000, 0x0000000706d00000|
| 110|0x0000000706e00000, 0x0000000706e00000, 0x0000000706f00000|  0%| F|  |TS  0|AC  0|TAMS 0x0000000706e00000, 0x0000000706e00000|
| 111|0x0000000706f00000, 0x0000000706f00000, 0x0000000707000000|  0%| F|  |TS  0|AC  0|TAMS 0x0000000706f00000, 0x0000000706f00000|
| 112|0x0000000707000000, 0x0000000707000000, 0x0000000707100000|  0%| F|  |TS  0|AC  0|TAMS 0x0000000707000000, 0x0000000707000000|
| 113|0x0000000707100000, 0x0000000707100000, 0x0000000707200000|  0%| F|  |TS  0|AC  0|TAMS 0x0000000707100000, 0x0000000707100000|
| 114|0x0000000707200000, 0x0000000707200000, 0x0000000707300000|  0%| F|  |TS  0|AC  0|TAMS 0x0000000707200000, 0x0000000707200000|
| 115|0x0000000707300000, 0x0000000707300000, 0x0000000707400000|  0%| F|  |TS  0|AC  0|TAMS 0x0000000707300000, 0x0000000707300000|
| 116|0x0000000707400000, 0x0000000707400000, 0x0000000707500000|  0%| F|  |TS  0|AC  0|TAMS 0x0000000707400000, 0x0000000707400000|
| 117|0x0000000707500000, 0x0000000707500000, 0x0000000707600000|  0%| F|  |TS  0|AC  0|TAMS 0x0000000707500000, 0x0000000707500000|
| 118|0x0000000707600000, 0x0000000707600000, 0x0000000707700000|  0%| F|  |TS  0|AC  0|TAMS 0x0000000707600000, 0x0000000707600000|
| 119|0x0000000707700000, 0x0000000707700000, 0x0000000707800000|  0%| F|  |TS  0|AC  0|TAMS 0x0000000707700000, 0x0000000707700000|
| 120|0x0000000707800000, 0x0000000707800000, 0x0000000707900000|  0%| F|  |TS  0|AC  0|TAMS 0x0000000707800000, 0x0000000707800000|
| 121|0x0000000707900000, 0x0000000707900000, 0x0000000707a00000|  0%| F|  |TS  0|AC  0|TAMS 0x0000000707900000, 0x0000000707900000|
| 122|0x0000000707a00000, 0x0000000707a00000, 0x0000000707b00000|  0%| F|  |TS  0|AC  0|TAMS 0x0000000707a00000, 0x0000000707a00000|
| 123|0x0000000707b00000, 0x0000000707b00000, 0x0000000707c00000|  0%| F|  |TS  0|AC  0|TAMS 0x0000000707b00000, 0x0000000707b00000|
| 124|0x0000000707c00000, 0x0000000707c00000, 0x0000000707d00000|  0%| F|  |TS  0|AC  0|TAMS 0x0000000707c00000, 0x0000000707c00000|
| 125|0x0000000707d00000, 0x0000000707d00000, 0x0000000707e00000|  0%| F|  |TS  0|AC  0|TAMS 0x0000000707d00000, 0x0000000707d00000|
| 126|0x0000000707e00000, 0x0000000707e00000, 0x0000000707f00000|  0%| F|  |TS  0|AC  0|TAMS 0x0000000707e00000, 0x0000000707e00000|
| 127|0x0000000707f00000, 0x0000000707f00000, 0x0000000708000000|  0%| F|  |TS  0|AC  0|TAMS 0x0000000707f00000, 0x0000000707f00000|
| 128|0x0000000708000000, 0x0000000708000000, 0x0000000708100000|  0%| F|  |TS  0|AC  0|TAMS 0x0000000708000000, 0x0000000708000000|
| 129|0x0000000708100000, 0x0000000708100000, 0x0000000708200000|  0%| F|  |TS  0|AC  0|TAMS 0x0000000708100000, 0x0000000708100000|
| 130|0x0000000708200000, 0x0000000708200000, 0x0000000708300000|  0%| F|  |TS  0|AC  0|TAMS 0x0000000708200000, 0x0000000708200000|
| 131|0x0000000708300000, 0x0000000708300000, 0x0000000708400000|  0%| F|  |TS  0|AC  0|TAMS 0x0000000708300000, 0x0000000708300000|
| 132|0x0000000708400000, 0x0000000708400000, 0x0000000708500000|  0%| F|  |TS  0|AC  0|TAMS 0x0000000708400000, 0x0000000708400000|
| 133|0x0000000708500000, 0x0000000708500000, 0x0000000708600000|  0%| F|  |TS  0|AC  0|TAMS 0x0000000708500000, 0x0000000708500000|
| 134|0x0000000708600000, 0x0000000708600000, 0x0000000708700000|  0%| F|  |TS  0|AC  0|TAMS 0x0000000708600000, 0x0000000708600000|
| 135|0x0000000708700000, 0x0000000708700000, 0x0000000708800000|  0%| F|  |TS  0|AC  0|TAMS 0x0000000708700000, 0x0000000708700000|
| 136|0x0000000708800000, 0x0000000708800000, 0x0000000708900000|  0%| F|  |TS  0|AC  0|TAMS 0x0000000708800000, 0x0000000708800000|
| 137|0x0000000708900000, 0x0000000708900000, 0x0000000708a00000|  0%| F|  |TS  0|AC  0|TAMS 0x0000000708900000, 0x0000000708900000|
| 138|0x0000000708a00000, 0x0000000708a00000, 0x0000000708b00000|  0%| F|  |TS  0|AC  0|TAMS 0x0000000708a00000, 0x0000000708a00000|
| 139|0x0000000708b00000, 0x0000000708b00000, 0x0000000708c00000|  0%| F|  |TS  0|AC  0|TAMS 0x0000000708b00000, 0x0000000708b00000|
| 140|0x0000000708c00000, 0x0000000708c00000, 0x0000000708d00000|  0%| F|  |TS  0|AC  0|TAMS 0x0000000708c00000, 0x0000000708c00000|
| 141|0x0000000708d00000, 0x0000000708d00000, 0x0000000708e00000|  0%| F|  |TS  0|AC  0|TAMS 0x0000000708d00000, 0x0000000708d00000|
| 142|0x0000000708e00000, 0x0000000708e00000, 0x0000000708f00000|  0%| F|  |TS  0|AC  0|TAMS 0x0000000708e00000, 0x0000000708e00000|
| 143|0x0000000708f00000, 0x0000000708f00000, 0x0000000709000000|  0%| F|  |TS  0|AC  0|TAMS 0x0000000708f00000, 0x0000000708f00000|
| 144|0x0000000709000000, 0x0000000709000000, 0x0000000709100000|  0%| F|  |TS  0|AC  0|TAMS 0x0000000709000000, 0x0000000709000000|
| 145|0x0000000709100000, 0x0000000709100000, 0x0000000709200000|  0%| F|  |TS  0|AC  0|TAMS 0x0000000709100000, 0x0000000709100000|
| 146|0x0000000709200000, 0x0000000709200000, 0x0000000709300000|  0%| F|  |TS  0|AC  0|TAMS 0x0000000709200000, 0x0000000709200000|
| 147|0x0000000709300000, 0x0000000709300000, 0x0000000709400000|  0%| F|  |TS  0|AC  0|TAMS 0x0000000709300000, 0x0000000709300000|
| 148|0x0000000709400000, 0x0000000709400000, 0x0000000709500000|  0%| F|  |TS  0|AC  0|TAMS 0x0000000709400000, 0x0000000709400000|
| 149|0x0000000709500000, 0x0000000709500000, 0x0000000709600000|  0%| F|  |TS  0|AC  0|TAMS 0x0000000709500000, 0x0000000709500000|
| 150|0x0000000709600000, 0x0000000709600000, 0x0000000709700000|  0%| F|  |TS  0|AC  0|TAMS 0x0000000709600000, 0x0000000709600000|
| 151|0x0000000709700000, 0x0000000709700000, 0x0000000709800000|  0%| F|  |TS  0|AC  0|TAMS 0x0000000709700000, 0x0000000709700000|
| 152|0x0000000709800000, 0x0000000709800000, 0x0000000709900000|  0%| F|  |TS  0|AC  0|TAMS 0x0000000709800000, 0x0000000709800000|
| 153|0x0000000709900000, 0x0000000709900000, 0x0000000709a00000|  0%| F|  |TS  0|AC  0|TAMS 0x0000000709900000, 0x0000000709900000|
| 154|0x0000000709a00000, 0x0000000709a00000, 0x0000000709b00000|  0%| F|  |TS  0|AC  0|TAMS 0x0000000709a00000, 0x0000000709a00000|
| 155|0x0000000709b00000, 0x0000000709b00000, 0x0000000709c00000|  0%| F|  |TS  0|AC  0|TAMS 0x0000000709b00000, 0x0000000709b00000|
| 156|0x0000000709c00000, 0x0000000709c00000, 0x0000000709d00000|  0%| F|  |TS  0|AC  0|TAMS 0x0000000709c00000, 0x0000000709c00000|
| 157|0x0000000709d00000, 0x0000000709d00000, 0x0000000709e00000|  0%| F|  |TS  0|AC  0|TAMS 0x0000000709d00000, 0x0000000709d00000|
| 158|0x0000000709e00000, 0x0000000709e00000, 0x0000000709f00000|  0%| F|  |TS  0|AC  0|TAMS 0x0000000709e00000, 0x0000000709e00000|
| 159|0x0000000709f00000, 0x0000000709f00000, 0x000000070a000000|  0%| F|  |TS  0|AC  0|TAMS 0x0000000709f00000, 0x0000000709f00000|
| 160|0x000000070a000000, 0x000000070a000000, 0x000000070a100000|  0%| F|  |TS  0|AC  0|TAMS 0x000000070a000000, 0x000000070a000000|
| 161|0x000000070a100000, 0x000000070a100000, 0x000000070a200000|  0%| F|  |TS  0|AC  0|TAMS 0x000000070a100000, 0x000000070a100000|
| 162|0x000000070a200000, 0x000000070a200000, 0x000000070a300000|  0%| F|  |TS  0|AC  0|TAMS 0x000000070a200000, 0x000000070a200000|
| 163|0x000000070a300000, 0x000000070a300000, 0x000000070a400000|  0%| F|  |TS  0|AC  0|TAMS 0x000000070a300000, 0x000000070a300000|
| 164|0x000000070a400000, 0x000000070a400000, 0x000000070a500000|  0%| F|  |TS  0|AC  0|TAMS 0x000000070a400000, 0x000000070a400000|
| 165|0x000000070a500000, 0x000000070a500000, 0x000000070a600000|  0%| F|  |TS  0|AC  0|TAMS 0x000000070a500000, 0x000000070a500000|
| 166|0x000000070a600000, 0x000000070a600000, 0x000000070a700000|  0%| F|  |TS  0|AC  0|TAMS 0x000000070a600000, 0x000000070a600000|
| 167|0x000000070a700000, 0x000000070a700000, 0x000000070a800000|  0%| F|  |TS  0|AC  0|TAMS 0x000000070a700000, 0x000000070a700000|
| 168|0x000000070a800000, 0x000000070a800000, 0x000000070a900000|  0%| F|  |TS  0|AC  0|TAMS 0x000000070a800000, 0x000000070a800000|
| 169|0x000000070a900000, 0x000000070a900000, 0x000000070aa00000|  0%| F|  |TS  0|AC  0|TAMS 0x000000070a900000, 0x000000070a900000|
| 170|0x000000070aa00000, 0x000000070aa00000, 0x000000070ab00000|  0%| F|  |TS  0|AC  0|TAMS 0x000000070aa00000, 0x000000070aa00000|
| 171|0x000000070ab00000, 0x000000070ab00000, 0x000000070ac00000|  0%| F|  |TS  0|AC  0|TAMS 0x000000070ab00000, 0x000000070ab00000|
| 172|0x000000070ac00000, 0x000000070ac00000, 0x000000070ad00000|  0%| F|  |TS  0|AC  0|TAMS 0x000000070ac00000, 0x000000070ac00000|
| 173|0x000000070ad00000, 0x000000070ad00000, 0x000000070ae00000|  0%| F|  |TS  0|AC  0|TAMS 0x000000070ad00000, 0x000000070ad00000|
| 174|0x000000070ae00000, 0x000000070ae00000, 0x000000070af00000|  0%| F|  |TS  0|AC  0|TAMS 0x000000070ae00000, 0x000000070ae00000|
| 175|0x000000070af00000, 0x000000070af00000, 0x000000070b000000|  0%| F|  |TS  0|AC  0|TAMS 0x000000070af00000, 0x000000070af00000|
| 176|0x000000070b000000, 0x000000070b000000, 0x000000070b100000|  0%| F|  |TS  0|AC  0|TAMS 0x000000070b000000, 0x000000070b000000|
| 177|0x000000070b100000, 0x000000070b100000, 0x000000070b200000|  0%| F|  |TS  0|AC  0|TAMS 0x000000070b100000, 0x000000070b100000|
| 178|0x000000070b200000, 0x000000070b200000, 0x000000070b300000|  0%| F|  |TS  0|AC  0|TAMS 0x000000070b200000, 0x000000070b200000|
| 179|0x000000070b300000, 0x000000070b300000, 0x000000070b400000|  0%| F|  |TS  0|AC  0|TAMS 0x000000070b300000, 0x000000070b300000|
| 180|0x000000070b400000, 0x000000070b400000, 0x000000070b500000|  0%| F|  |TS  0|AC  0|TAMS 0x000000070b400000, 0x000000070b400000|
| 181|0x000000070b500000, 0x000000070b500000, 0x000000070b600000|  0%| F|  |TS  0|AC  0|TAMS 0x000000070b500000, 0x000000070b500000|
| 182|0x000000070b600000, 0x000000070b600000, 0x000000070b700000|  0%| F|  |TS  0|AC  0|TAMS 0x000000070b600000, 0x000000070b600000|
| 183|0x000000070b700000, 0x000000070b700000, 0x000000070b800000|  0%| F|  |TS  0|AC  0|TAMS 0x000000070b700000, 0x000000070b700000|
| 184|0x000000070b800000, 0x000000070b800000, 0x000000070b900000|  0%| F|  |TS  0|AC  0|TAMS 0x000000070b800000, 0x000000070b800000|
| 185|0x000000070b900000, 0x000000070b900000, 0x000000070ba00000|  0%| F|  |TS  0|AC  0|TAMS 0x000000070b900000, 0x000000070b900000|
| 186|0x000000070ba00000, 0x000000070ba00000, 0x000000070bb00000|  0%| F|  |TS  0|AC  0|TAMS 0x000000070ba00000, 0x000000070ba00000|
| 187|0x000000070bb00000, 0x000000070bb00000, 0x000000070bc00000|  0%| F|  |TS  0|AC  0|TAMS 0x000000070bb00000, 0x000000070bb00000|
| 188|0x000000070bc00000, 0x000000070bc00000, 0x000000070bd00000|  0%| F|  |TS  0|AC  0|TAMS 0x000000070bc00000, 0x000000070bc00000|
| 189|0x000000070bd00000, 0x000000070bd00000, 0x000000070be00000|  0%| F|  |TS  0|AC  0|TAMS 0x000000070bd00000, 0x000000070bd00000|
| 190|0x000000070be00000, 0x000000070be00000, 0x000000070bf00000|  0%| F|  |TS  0|AC  0|TAMS 0x000000070be00000, 0x000000070be00000|
| 191|0x000000070bf00000, 0x000000070bf00000, 0x000000070c000000|  0%| F|  |TS  0|AC  0|TAMS 0x000000070bf00000, 0x000000070bf00000|
| 192|0x000000070c000000, 0x000000070c000000, 0x000000070c100000|  0%| F|  |TS  0|AC  0|TAMS 0x000000070c000000, 0x000000070c000000|
| 193|0x000000070c100000, 0x000000070c100000, 0x000000070c200000|  0%| F|  |TS  0|AC  0|TAMS 0x000000070c100000, 0x000000070c100000|
| 194|0x000000070c200000, 0x000000070c200000, 0x000000070c300000|  0%| F|  |TS  0|AC  0|TAMS 0x000000070c200000, 0x000000070c200000|
| 195|0x000000070c300000, 0x000000070c300000, 0x000000070c400000|  0%| F|  |TS  0|AC  0|TAMS 0x000000070c300000, 0x000000070c300000|
| 196|0x000000070c400000, 0x000000070c400000, 0x000000070c500000|  0%| F|  |TS  0|AC  0|TAMS 0x000000070c400000, 0x000000070c400000|
| 197|0x000000070c500000, 0x000000070c500000, 0x000000070c600000|  0%| F|  |TS  0|AC  0|TAMS 0x000000070c500000, 0x000000070c500000|
| 198|0x000000070c600000, 0x000000070c600000, 0x000000070c700000|  0%| F|  |TS  0|AC  0|TAMS 0x000000070c600000, 0x000000070c600000|
| 199|0x000000070c700000, 0x000000070c700000, 0x000000070c800000|  0%| F|  |TS  0|AC  0|TAMS 0x000000070c700000, 0x000000070c700000|
| 200|0x000000070c800000, 0x000000070c800000, 0x000000070c900000|  0%| F|  |TS  0|AC  0|TAMS 0x000000070c800000, 0x000000070c800000|
| 201|0x000000070c900000, 0x000000070c900000, 0x000000070ca00000|  0%| F|  |TS  0|AC  0|TAMS 0x000000070c900000, 0x000000070c900000|
| 202|0x000000070ca00000, 0x000000070ca00000, 0x000000070cb00000|  0%| F|  |TS  0|AC  0|TAMS 0x000000070ca00000, 0x000000070ca00000|
| 203|0x000000070cb00000, 0x000000070cb00000, 0x000000070cc00000|  0%| F|  |TS  0|AC  0|TAMS 0x000000070cb00000, 0x000000070cb00000|
| 204|0x000000070cc00000, 0x000000070cc00000, 0x000000070cd00000|  0%| F|  |TS  0|AC  0|TAMS 0x000000070cc00000, 0x000000070cc00000|
| 205|0x000000070cd00000, 0x000000070cd00000, 0x000000070ce00000|  0%| F|  |TS  0|AC  0|TAMS 0x000000070cd00000, 0x000000070cd00000|
| 206|0x000000070ce00000, 0x000000070ce00000, 0x000000070cf00000|  0%| F|  |TS  0|AC  0|TAMS 0x000000070ce00000, 0x000000070ce00000|
| 207|0x000000070cf00000, 0x000000070cf00000, 0x000000070d000000|  0%| F|  |TS  0|AC  0|TAMS 0x000000070cf00000, 0x000000070cf00000|
| 208|0x000000070d000000, 0x000000070d000000, 0x000000070d100000|  0%| F|  |TS  0|AC  0|TAMS 0x000000070d000000, 0x000000070d000000|
| 209|0x000000070d100000, 0x000000070d100000, 0x000000070d200000|  0%| F|  |TS  0|AC  0|TAMS 0x000000070d100000, 0x000000070d100000|
| 210|0x000000070d200000, 0x000000070d200000, 0x000000070d300000|  0%| F|  |TS  0|AC  0|TAMS 0x000000070d200000, 0x000000070d200000|
| 211|0x000000070d300000, 0x000000070d300000, 0x000000070d400000|  0%| F|  |TS  0|AC  0|TAMS 0x000000070d300000, 0x000000070d300000|
| 212|0x000000070d400000, 0x000000070d400000, 0x000000070d500000|  0%| F|  |TS  0|AC  0|TAMS 0x000000070d400000, 0x000000070d400000|
| 213|0x000000070d500000, 0x000000070d500000, 0x000000070d600000|  0%| F|  |TS  0|AC  0|TAMS 0x000000070d500000, 0x000000070d500000|
| 214|0x000000070d600000, 0x000000070d600000, 0x000000070d700000|  0%| F|  |TS  0|AC  0|TAMS 0x000000070d600000, 0x000000070d600000|
| 215|0x000000070d700000, 0x000000070d700000, 0x000000070d800000|  0%| F|  |TS  0|AC  0|TAMS 0x000000070d700000, 0x000000070d700000|
| 216|0x000000070d800000, 0x000000070d800000, 0x000000070d900000|  0%| F|  |TS  0|AC  0|TAMS 0x000000070d800000, 0x000000070d800000|
| 217|0x000000070d900000, 0x000000070d900000, 0x000000070da00000|  0%| F|  |TS  0|AC  0|TAMS 0x000000070d900000, 0x000000070d900000|
| 218|0x000000070da00000, 0x000000070da00000, 0x000000070db00000|  0%| F|  |TS  0|AC  0|TAMS 0x000000070da00000, 0x000000070da00000|
| 219|0x000000070db00000, 0x000000070db00000, 0x000000070dc00000|  0%| F|  |TS  0|AC  0|TAMS 0x000000070db00000, 0x000000070db00000|
| 220|0x000000070dc00000, 0x000000070dc00000, 0x000000070dd00000|  0%| F|  |TS  0|AC  0|TAMS 0x000000070dc00000, 0x000000070dc00000|
| 221|0x000000070dd00000, 0x000000070dd00000, 0x000000070de00000|  0%| F|  |TS  0|AC  0|TAMS 0x000000070dd00000, 0x000000070dd00000|
| 222|0x000000070de00000, 0x000000070de00000, 0x000000070df00000|  0%| F|  |TS  0|AC  0|TAMS 0x000000070de00000, 0x000000070de00000|
| 223|0x000000070df00000, 0x000000070df00000, 0x000000070e000000|  0%| F|  |TS  0|AC  0|TAMS 0x000000070df00000, 0x000000070df00000|
| 224|0x000000070e000000, 0x000000070e000000, 0x000000070e100000|  0%| F|  |TS  0|AC  0|TAMS 0x000000070e000000, 0x000000070e000000|
| 225|0x000000070e100000, 0x000000070e100000, 0x000000070e200000|  0%| F|  |TS  0|AC  0|TAMS 0x000000070e100000, 0x000000070e100000|
| 226|0x000000070e200000, 0x000000070e200000, 0x000000070e300000|  0%| F|  |TS  0|AC  0|TAMS 0x000000070e200000, 0x000000070e200000|
| 227|0x000000070e300000, 0x000000070e300000, 0x000000070e400000|  0%| F|  |TS  0|AC  0|TAMS 0x000000070e300000, 0x000000070e300000|
| 228|0x000000070e400000, 0x000000070e400000, 0x000000070e500000|  0%| F|  |TS  0|AC  0|TAMS 0x000000070e400000, 0x000000070e400000|
| 229|0x000000070e500000, 0x000000070e500000, 0x000000070e600000|  0%| F|  |TS  0|AC  0|TAMS 0x000000070e500000, 0x000000070e500000|
| 230|0x000000070e600000, 0x000000070e600000, 0x000000070e700000|  0%| F|  |TS  0|AC  0|TAMS 0x000000070e600000, 0x000000070e600000|
| 231|0x000000070e700000, 0x000000070e700000, 0x000000070e800000|  0%| F|  |TS  0|AC  0|TAMS 0x000000070e700000, 0x000000070e700000|
| 232|0x000000070e800000, 0x000000070e800000, 0x000000070e900000|  0%| F|  |TS  0|AC  0|TAMS 0x000000070e800000, 0x000000070e800000|
| 233|0x000000070e900000, 0x000000070e900000, 0x000000070ea00000|  0%| F|  |TS  0|AC  0|TAMS 0x000000070e900000, 0x000000070e900000|
| 234|0x000000070ea00000, 0x000000070ea00000, 0x000000070eb00000|  0%| F|  |TS  0|AC  0|TAMS 0x000000070ea00000, 0x000000070ea00000|
| 235|0x000000070eb00000, 0x000000070eb00000, 0x000000070ec00000|  0%| F|  |TS  0|AC  0|TAMS 0x000000070eb00000, 0x000000070eb00000|
| 236|0x000000070ec00000, 0x000000070ec00000, 0x000000070ed00000|  0%| F|  |TS  0|AC  0|TAMS 0x000000070ec00000, 0x000000070ec00000|
| 237|0x000000070ed00000, 0x000000070ed00000, 0x000000070ee00000|  0%| F|  |TS  0|AC  0|TAMS 0x000000070ed00000, 0x000000070ed00000|
| 238|0x000000070ee00000, 0x000000070ee00000, 0x000000070ef00000|  0%| F|  |TS  0|AC  0|TAMS 0x000000070ee00000, 0x000000070ee00000|
| 239|0x000000070ef00000, 0x000000070ef00000, 0x000000070f000000|  0%| F|  |TS  0|AC  0|TAMS 0x000000070ef00000, 0x000000070ef00000|
| 240|0x000000070f000000, 0x000000070f000000, 0x000000070f100000|  0%| F|  |TS  0|AC  0|TAMS 0x000000070f000000, 0x000000070f000000|
| 241|0x000000070f100000, 0x000000070f100000, 0x000000070f200000|  0%| F|  |TS  0|AC  0|TAMS 0x000000070f100000, 0x000000070f100000|
| 242|0x000000070f200000, 0x000000070f200000, 0x000000070f300000|  0%| F|  |TS  0|AC  0|TAMS 0x000000070f200000, 0x000000070f200000|
| 243|0x000000070f300000, 0x000000070f3c9850, 0x000000070f400000| 78%| S|CS|TS 11|AC  0|TAMS 0x000000070f300000, 0x000000070f300000|
| 244|0x000000070f400000, 0x000000070f400000, 0x000000070f500000|  0%| F|  |TS 11|AC  0|TAMS 0x000000070f400000, 0x000000070f400000|
| 245|0x000000070f500000, 0x000000070f500000, 0x000000070f600000|  0%| F|  |TS 11|AC  0|TAMS 0x000000070f500000, 0x000000070f500000|
| 246|0x000000070f600000, 0x000000070f600000, 0x000000070f700000|  0%| F|  |TS 11|AC  0|TAMS 0x000000070f600000, 0x000000070f600000|
| 247|0x000000070f700000, 0x000000070f700000, 0x000000070f800000|  0%| F|  |TS 11|AC  0|TAMS 0x000000070f700000, 0x000000070f700000|
| 248|0x000000070f800000, 0x000000070f800000, 0x000000070f900000|  0%| F|  |TS 11|AC  0|TAMS 0x000000070f800000, 0x000000070f800000|
| 249|0x000000070f900000, 0x000000070f900000, 0x000000070fa00000|  0%| F|  |TS 11|AC  0|TAMS 0x000000070f900000, 0x000000070f900000|
| 250|0x000000070fa00000, 0x000000070fa00000, 0x000000070fb00000|  0%| F|  |TS 11|AC  0|TAMS 0x000000070fa00000, 0x000000070fa00000|
| 251|0x000000070fb00000, 0x000000070fb00000, 0x000000070fc00000|  0%| F|  |TS 11|AC  0|TAMS 0x000000070fb00000, 0x000000070fb00000|
| 252|0x000000070fc00000, 0x000000070fc00000, 0x000000070fd00000|  0%| F|  |TS 11|AC  0|TAMS 0x000000070fc00000, 0x000000070fc00000|
| 253|0x000000070fd00000, 0x000000070fd00000, 0x000000070fe00000|  0%| F|  |TS 11|AC  0|TAMS 0x000000070fd00000, 0x000000070fd00000|
| 254|0x000000070fe00000, 0x000000070fe00000, 0x000000070ff00000|  0%| F|  |TS 11|AC  0|TAMS 0x000000070fe00000, 0x000000070fe00000|
| 255|0x000000070ff00000, 0x000000070ff00000, 0x0000000710000000|  0%| F|  |TS 11|AC  0|TAMS 0x000000070ff00000, 0x000000070ff00000|
| 256|0x0000000710000000, 0x0000000710000000, 0x0000000710100000|  0%| F|  |TS 11|AC  0|TAMS 0x0000000710000000, 0x0000000710000000|
| 257|0x0000000710100000, 0x0000000710100000, 0x0000000710200000|  0%| F|  |TS 11|AC  0|TAMS 0x0000000710100000, 0x0000000710100000|
| 258|0x0000000710200000, 0x0000000710200000, 0x0000000710300000|  0%| F|  |TS 11|AC  0|TAMS 0x0000000710200000, 0x0000000710200000|
| 259|0x0000000710300000, 0x0000000710300000, 0x0000000710400000|  0%| F|  |TS 11|AC  0|TAMS 0x0000000710300000, 0x0000000710300000|
| 260|0x0000000710400000, 0x0000000710400000, 0x0000000710500000|  0%| F|  |TS 11|AC  0|TAMS 0x0000000710400000, 0x0000000710400000|
| 261|0x0000000710500000, 0x0000000710500000, 0x0000000710600000|  0%| F|  |TS 11|AC  0|TAMS 0x0000000710500000, 0x0000000710500000|
| 262|0x0000000710600000, 0x0000000710600000, 0x0000000710700000|  0%| F|  |TS 11|AC  0|TAMS 0x0000000710600000, 0x0000000710600000|
| 263|0x0000000710700000, 0x0000000710700000, 0x0000000710800000|  0%| F|  |TS 11|AC  0|TAMS 0x0000000710700000, 0x0000000710700000|
| 264|0x0000000710800000, 0x0000000710800000, 0x0000000710900000|  0%| F|  |TS 11|AC  0|TAMS 0x0000000710800000, 0x0000000710800000|
| 265|0x0000000710900000, 0x0000000710900000, 0x0000000710a00000|  0%| F|  |TS 11|AC  0|TAMS 0x0000000710900000, 0x0000000710900000|
| 266|0x0000000710a00000, 0x0000000710a088f0, 0x0000000710b00000|  3%| E|  |TS 11|AC  0|TAMS 0x0000000710a00000, 0x0000000710a00000|
| 267|0x0000000710b00000, 0x0000000710c00000, 0x0000000710c00000|100%| E|CS|TS 11|AC  0|TAMS 0x0000000710b00000, 0x0000000710b00000|
| 268|0x0000000710c00000, 0x0000000710d00000, 0x0000000710d00000|100%| E|CS|TS 11|AC  0|TAMS 0x0000000710c00000, 0x0000000710c00000|
| 269|0x0000000710d00000, 0x0000000710e00000, 0x0000000710e00000|100%| E|CS|TS 11|AC  0|TAMS 0x0000000710d00000, 0x0000000710d00000|
| 270|0x0000000710e00000, 0x0000000710f00000, 0x0000000710f00000|100%| E|CS|TS 11|AC  0|TAMS 0x0000000710e00000, 0x0000000710e00000|
| 271|0x0000000710f00000, 0x0000000711000000, 0x0000000711000000|100%| E|CS|TS 11|AC  0|TAMS 0x0000000710f00000, 0x0000000710f00000|
| 272|0x0000000711000000, 0x0000000711100000, 0x0000000711100000|100%| E|CS|TS 11|AC  0|TAMS 0x0000000711000000, 0x0000000711000000|
| 273|0x0000000711100000, 0x0000000711200000, 0x0000000711200000|100%| E|CS|TS 11|AC  0|TAMS 0x0000000711100000, 0x0000000711100000|
| 274|0x0000000711200000, 0x0000000711300000, 0x0000000711300000|100%| E|CS|TS 11|AC  0|TAMS 0x0000000711200000, 0x0000000711200000|
| 275|0x0000000711300000, 0x0000000711400000, 0x0000000711400000|100%| E|CS|TS 11|AC  0|TAMS 0x0000000711300000, 0x0000000711300000|
| 276|0x0000000711400000, 0x0000000711500000, 0x0000000711500000|100%| E|CS|TS 11|AC  0|TAMS 0x0000000711400000, 0x0000000711400000|
| 277|0x0000000711500000, 0x0000000711600000, 0x0000000711600000|100%| E|CS|TS 11|AC  0|TAMS 0x0000000711500000, 0x0000000711500000|
| 278|0x0000000711600000, 0x0000000711700000, 0x0000000711700000|100%| E|CS|TS 11|AC  0|TAMS 0x0000000711600000, 0x0000000711600000|
| 279|0x0000000711700000, 0x0000000711800000, 0x0000000711800000|100%| E|CS|TS 11|AC  0|TAMS 0x0000000711700000, 0x0000000711700000|
| 280|0x0000000711800000, 0x0000000711900000, 0x0000000711900000|100%| E|CS|TS 11|AC  0|TAMS 0x0000000711800000, 0x0000000711800000|
| 281|0x0000000711900000, 0x0000000711a00000, 0x0000000711a00000|100%| E|CS|TS 11|AC  0|TAMS 0x0000000711900000, 0x0000000711900000|
| 282|0x0000000711a00000, 0x0000000711b00000, 0x0000000711b00000|100%| E|CS|TS 11|AC  0|TAMS 0x0000000711a00000, 0x0000000711a00000|
| 283|0x0000000711b00000, 0x0000000711c00000, 0x0000000711c00000|100%| E|CS|TS 11|AC  0|TAMS 0x0000000711b00000, 0x0000000711b00000|
| 284|0x0000000711c00000, 0x0000000711d00000, 0x0000000711d00000|100%| E|CS|TS 11|AC  0|TAMS 0x0000000711c00000, 0x0000000711c00000|
| 285|0x0000000711d00000, 0x0000000711e00000, 0x0000000711e00000|100%| E|CS|TS 11|AC  0|TAMS 0x0000000711d00000, 0x0000000711d00000|
| 286|0x0000000711e00000, 0x0000000711f00000, 0x0000000711f00000|100%| E|CS|TS 11|AC  0|TAMS 0x0000000711e00000, 0x0000000711e00000|
| 287|0x0000000711f00000, 0x0000000712000000, 0x0000000712000000|100%| E|CS|TS 11|AC  0|TAMS 0x0000000711f00000, 0x0000000711f00000|
| 288|0x0000000712000000, 0x0000000712100000, 0x0000000712100000|100%| E|CS|TS 11|AC  0|TAMS 0x0000000712000000, 0x0000000712000000|
| 289|0x0000000712100000, 0x0000000712200000, 0x0000000712200000|100%| E|CS|TS 11|AC  0|TAMS 0x0000000712100000, 0x0000000712100000|
| 290|0x0000000712200000, 0x0000000712300000, 0x0000000712300000|100%| E|CS|TS 11|AC  0|TAMS 0x0000000712200000, 0x0000000712200000|
| 291|0x0000000712300000, 0x0000000712400000, 0x0000000712400000|100%| E|CS|TS 11|AC  0|TAMS 0x0000000712300000, 0x0000000712300000|
| 292|0x0000000712400000, 0x0000000712500000, 0x0000000712500000|100%| E|CS|TS 11|AC  0|TAMS 0x0000000712400000, 0x0000000712400000|
| 293|0x0000000712500000, 0x0000000712600000, 0x0000000712600000|100%| E|CS|TS 11|AC  0|TAMS 0x0000000712500000, 0x0000000712500000|
| 294|0x0000000712600000, 0x0000000712700000, 0x0000000712700000|100%| E|CS|TS 11|AC  0|TAMS 0x0000000712600000, 0x0000000712600000|
| 295|0x0000000712700000, 0x0000000712800000, 0x0000000712800000|100%| E|CS|TS 11|AC  0|TAMS 0x0000000712700000, 0x0000000712700000|
| 296|0x0000000712800000, 0x0000000712900000, 0x0000000712900000|100%| E|CS|TS 11|AC  0|TAMS 0x0000000712800000, 0x0000000712800000|
| 297|0x0000000712900000, 0x0000000712a00000, 0x0000000712a00000|100%| E|CS|TS 11|AC  0|TAMS 0x0000000712900000, 0x0000000712900000|
| 298|0x0000000712a00000, 0x0000000712b00000, 0x0000000712b00000|100%| E|CS|TS 11|AC  0|TAMS 0x0000000712a00000, 0x0000000712a00000|
| 299|0x0000000712b00000, 0x0000000712c00000, 0x0000000712c00000|100%| E|CS|TS 11|AC  0|TAMS 0x0000000712b00000, 0x0000000712b00000|
| 300|0x0000000712c00000, 0x0000000712d00000, 0x0000000712d00000|100%| E|CS|TS 11|AC  0|TAMS 0x0000000712c00000, 0x0000000712c00000|
| 301|0x0000000712d00000, 0x0000000712e00000, 0x0000000712e00000|100%| E|CS|TS 11|AC  0|TAMS 0x0000000712d00000, 0x0000000712d00000|
| 302|0x0000000712e00000, 0x0000000712f00000, 0x0000000712f00000|100%| E|CS|TS 11|AC  0|TAMS 0x0000000712e00000, 0x0000000712e00000|
| 303|0x0000000712f00000, 0x0000000713000000, 0x0000000713000000|100%| E|CS|TS 11|AC  0|TAMS 0x0000000712f00000, 0x0000000712f00000|

Card table byte_map: [0x000001bee8df0000,0x000001bee93f0000] byte_map_base: 0x000001bee55f0000

Marking Bits (Prev, Next): (CMBitMap*) 0x000001beedfa2760, (CMBitMap*) 0x000001beedfa2798
 Prev Bits: [0x000001beef350000, 0x000001bef2350000)
 Next Bits: [0x000001bef2350000, 0x000001bef5350000)

Polling page: 0x000001beccee0000

CodeHeap 'non-profiled nmethods': size=119168Kb used=26820Kb max_used=26820Kb free=92347Kb
 bounds [0x000001bedfeb0000, 0x000001bee18f0000, 0x000001bee7310000]
CodeHeap 'profiled nmethods': size=119168Kb used=49244Kb max_used=50321Kb free=69923Kb
 bounds [0x000001bed8a50000, 0x000001bedbc20000, 0x000001bedfeb0000]
CodeHeap 'non-nmethods': size=7424Kb used=3499Kb max_used=3553Kb free=3924Kb
 bounds [0x000001bed8310000, 0x000001bed86a0000, 0x000001bed8a50000]
 total_blobs=41488 nmethods=21360 adapters=1145
 compilation: enabled

Compilation events (10 events):
Event: 4831.612 Thread 0x000001beeeb6b000 28340       3       javax.swing.DefaultButtonModel::setPressed (125 bytes)
Event: 4831.612 Thread 0x000001beeeb6a800 28341       3       java.awt.Dialog::hide (20 bytes)
Event: 4831.612 Thread 0x000001beee9bb800 28342   !   3       java.awt.Dialog::hideAndDisposePreHandler (56 bytes)
Event: 4831.612 Thread 0x000001beeeb6a800 nmethod 28341 0x000001bed9deca90 code [0x000001bed9decc80, 0x000001bed9ded050]
Event: 4831.612 Thread 0x000001beee9bb800 nmethod 28342 0x000001beda507090 code [0x000001beda5072a0, 0x000001beda507aa0]
Event: 4831.613 Thread 0x000001beeeb6b000 nmethod 28340 0x000001beda54a490 code [0x000001beda54a780, 0x000001beda54ba10]
Event: 4831.652 Thread 0x000001beeec88000 28343       1       com.jidesoft.action.DefaultDockableBarManager::isHideFloatingDockableBarsWhenDeactivate (5 bytes)
Event: 4831.652 Thread 0x000001beeeb6a800 28344       1       com.jidesoft.action.DefaultDockableBarManager::access$300 (5 bytes)
Event: 4831.652 Thread 0x000001beeec88000 nmethod 28343 0x000001bee18e3d10 code [0x000001bee18e3ec0, 0x000001bee18e3fd8]
Event: 4831.652 Thread 0x000001beeeb6a800 nmethod 28344 0x000001bee18e4090 code [0x000001bee18e4240, 0x000001bee18e4338]

GC Heap History (10 events):
Event: 4824.299 GC heap before
{Heap before GC invocations=1059 (full 368):
 garbage-first heap   total 311296K, used 171813K [0x0000000700000000, 0x0000000700100980, 0x00000007c0000000)
  region size 1024K, 60 young (61440K), 1 survivors (1024K)
 Metaspace       used 91045K, capacity 92843K, committed 101888K, reserved 1136640K
  class space    used 12503K, capacity 12919K, committed 14848K, reserved 1048576K
}
Event: 4824.300 GC heap after
{Heap after GC invocations=1060 (full 368):
 garbage-first heap   total 311296K, used 111330K [0x0000000700000000, 0x0000000700100980, 0x00000007c0000000)
  region size 1024K, 1 young (1024K), 1 survivors (1024K)
 Metaspace       used 91045K, capacity 92843K, committed 101888K, reserved 1136640K
  class space    used 12503K, capacity 12919K, committed 14848K, reserved 1048576K
}
Event: 4824.338 GC heap before
{Heap before GC invocations=1060 (full 368):
 garbage-first heap   total 311296K, used 124642K [0x0000000700000000, 0x0000000700100980, 0x00000007c0000000)
  region size 1024K, 15 young (15360K), 1 survivors (1024K)
 Metaspace       used 91045K, capacity 92843K, committed 101888K, reserved 1136640K
  class space    used 12503K, capacity 12919K, committed 14848K, reserved 1048576K
}
Event: 4824.339 GC heap after
{Heap after GC invocations=1061 (full 368):
 garbage-first heap   total 311296K, used 111203K [0x0000000700000000, 0x0000000700100980, 0x00000007c0000000)
  region size 1024K, 1 young (1024K), 1 survivors (1024K)
 Metaspace       used 91045K, capacity 92843K, committed 101888K, reserved 1136640K
  class space    used 12503K, capacity 12919K, committed 14848K, reserved 1048576K
}
Event: 4824.675 GC heap before
{Heap before GC invocations=1061 (full 368):
 garbage-first heap   total 311296K, used 171619K [0x0000000700000000, 0x0000000700100980, 0x00000007c0000000)
  region size 1024K, 60 young (61440K), 1 survivors (1024K)
 Metaspace       used 91045K, capacity 92843K, committed 101888K, reserved 1136640K
  class space    used 12503K, capacity 12919K, committed 14848K, reserved 1048576K
}
Event: 4824.676 GC heap after
{Heap after GC invocations=1062 (full 368):
 garbage-first heap   total 311296K, used 111402K [0x0000000700000000, 0x0000000700100980, 0x00000007c0000000)
  region size 1024K, 1 young (1024K), 1 survivors (1024K)
 Metaspace       used 91045K, capacity 92843K, committed 101888K, reserved 1136640K
  class space    used 12503K, capacity 12919K, committed 14848K, reserved 1048576K
}
Event: 4828.683 GC heap before
{Heap before GC invocations=1062 (full 368):
 garbage-first heap   total 311296K, used 171818K [0x0000000700000000, 0x0000000700100980, 0x00000007c0000000)
  region size 1024K, 60 young (61440K), 1 survivors (1024K)
 Metaspace       used 91045K, capacity 92843K, committed 101888K, reserved 1136640K
  class space    used 12503K, capacity 12919K, committed 14848K, reserved 1048576K
}
Event: 4828.685 GC heap after
{Heap after GC invocations=1063 (full 368):
 garbage-first heap   total 311296K, used 111541K [0x0000000700000000, 0x0000000700100980, 0x00000007c0000000)
  region size 1024K, 1 young (1024K), 1 survivors (1024K)
 Metaspace       used 91045K, capacity 92843K, committed 101888K, reserved 1136640K
  class space    used 12503K, capacity 12919K, committed 14848K, reserved 1048576K
}
Event: 4829.585 GC heap before
{Heap before GC invocations=1063 (full 368):
 garbage-first heap   total 311296K, used 171957K [0x0000000700000000, 0x0000000700100980, 0x00000007c0000000)
  region size 1024K, 60 young (61440K), 1 survivors (1024K)
 Metaspace       used 91045K, capacity 92843K, committed 101888K, reserved 1136640K
  class space    used 12503K, capacity 12919K, committed 14848K, reserved 1048576K
}
Event: 4829.586 GC heap after
{Heap after GC invocations=1064 (full 368):
 garbage-first heap   total 311296K, used 111548K [0x0000000700000000, 0x0000000700100980, 0x00000007c0000000)
  region size 1024K, 1 young (1024K), 1 survivors (1024K)
 Metaspace       used 91045K, capacity 92843K, committed 101888K, reserved 1136640K
  class space    used 12503K, capacity 12919K, committed 14848K, reserved 1048576K
}

Deoptimization events (10 events):
Event: 4528.781 Thread 0x000001befa7ca800 Uncommon trap: reason=unstable_if action=reinterpret pc=0x000001bee0eec5c4 method=javax.swing.JComponent._paintImmediately(IIII)V @ 168 c2
Event: 4528.907 Thread 0x000001befa7ca800 Uncommon trap: reason=class_check action=maybe_recompile pc=0x000001bee10fc3ec method=java.awt.Container.getMouseEventTargetImpl(IIZLjava/awt/Container$EventTargetFilter;ZZ)Ljava/awt/Component; @ 64 c2
Event: 4528.939 Thread 0x000001befa7ca800 Uncommon trap: reason=class_check action=maybe_recompile pc=0x000001bee10f7f2c method=java.awt.Container.getMouseEventTargetImpl(IIZLjava/awt/Container$EventTargetFilter;ZZ)Ljava/awt/Component; @ 64 c2
Event: 4529.107 Thread 0x000001befa7ca800 Uncommon trap: reason=bimorphic_or_optimized_type_check action=maybe_recompile pc=0x000001bee14ba8dc method=sun.awt.windows.WComponentPeer.handleEvent(Ljava/awt/AWTEvent;)V @ 152 c2
Event: 4799.336 Thread 0x000001befa7ca800 Uncommon trap: reason=unstable_if action=reinterpret pc=0x000001bee047e2e0 method=ui.b.c.b.A.isSelectedIndex(I)Z @ 53 c2
Event: 4799.336 Thread 0x000001befa7ca800 Uncommon trap: reason=unstable_if action=reinterpret pc=0x000001bee04e7298 method=ui.b.c.b.A.isSelectedIndex(I)Z @ 53 c2
Event: 4799.337 Thread 0x000001befa7ca800 Uncommon trap: reason=null_check action=make_not_entrant pc=0x000001bee0e3c9fc method=ui.views.N.h.d.getTableCellRendererComponent(Ljavax/swing/JTable;Ljava/lang/Object;ZZII)Ljava/awt/Component; @ 50 c2
Event: 4801.904 Thread 0x000001befa7ca800 Uncommon trap: reason=unstable_if action=reinterpret pc=0x000001bee189152c method=javax.swing.JComponent.getObscuredState(IIIII)I @ 200 c2
Event: 4814.867 Thread 0x000001befa7ca800 Uncommon trap: reason=class_check action=maybe_recompile pc=0x000001bee18bdecc method=javax.swing.JComponent.getObscuredState(IIIII)I @ 47 c2
Event: 4814.902 Thread 0x000001befa7ca800 Uncommon trap: reason=class_check action=maybe_recompile pc=0x000001bee18bdecc method=javax.swing.JComponent.getObscuredState(IIIII)I @ 47 c2

Classes redefined (0 events):
No events

Internal exceptions (10 events):
Event: 4810.661 Thread 0x000001befa7ca800 Exception <a 'java/io/FileNotFoundException'{0x0000000712ef5cf8}> (0x0000000712ef5cf8) thrown at [t:/workspace/hotspot/src/share/vm/prims/jni.cpp, line 604]
Event: 4810.661 Thread 0x000001befa7ca800 Exception <a 'java/io/FileNotFoundException'{0x0000000712ef6408}> (0x0000000712ef6408) thrown at [t:/workspace/hotspot/src/share/vm/prims/jni.cpp, line 604]
Event: 4815.661 Thread 0x000001befa7ca800 Exception <a 'java/io/FileNotFoundException'{0x000000070fed9120}> (0x000000070fed9120) thrown at [t:/workspace/hotspot/src/share/vm/prims/jni.cpp, line 604]
Event: 4815.661 Thread 0x000001befa7ca800 Exception <a 'java/io/FileNotFoundException'{0x000000070fed9830}> (0x000000070fed9830) thrown at [t:/workspace/hotspot/src/share/vm/prims/jni.cpp, line 604]
Event: 4820.662 Thread 0x000001befa7ca800 Exception <a 'java/io/FileNotFoundException'{0x000000071251c610}> (0x000000071251c610) thrown at [t:/workspace/hotspot/src/share/vm/prims/jni.cpp, line 604]
Event: 4820.662 Thread 0x000001befa7ca800 Exception <a 'java/io/FileNotFoundException'{0x000000071251cd20}> (0x000000071251cd20) thrown at [t:/workspace/hotspot/src/share/vm/prims/jni.cpp, line 604]
Event: 4825.662 Thread 0x000001befa7ca800 Exception <a 'java/io/FileNotFoundException'{0x00000007114bb028}> (0x00000007114bb028) thrown at [t:/workspace/hotspot/src/share/vm/prims/jni.cpp, line 604]
Event: 4825.662 Thread 0x000001befa7ca800 Exception <a 'java/io/FileNotFoundException'{0x00000007114bb738}> (0x00000007114bb738) thrown at [t:/workspace/hotspot/src/share/vm/prims/jni.cpp, line 604]
Event: 4830.663 Thread 0x000001befa7ca800 Exception <a 'java/io/FileNotFoundException'{0x0000000712125938}> (0x0000000712125938) thrown at [t:/workspace/hotspot/src/share/vm/prims/jni.cpp, line 604]
Event: 4830.663 Thread 0x000001befa7ca800 Exception <a 'java/io/FileNotFoundException'{0x0000000712126418}> (0x0000000712126418) thrown at [t:/workspace/hotspot/src/share/vm/prims/jni.cpp, line 604]

Events (10 events):
Event: 4829.045 Thread 0x000001be86540800 Thread exited: 0x000001be86540800
Event: 4829.584 Executing VM operation: G1IncCollectionPause
Event: 4829.586 Executing VM operation: G1IncCollectionPause done
Event: 4830.043 Thread 0x000001be86544000 Thread added: 0x000001be86544000
Event: 4830.045 Thread 0x000001be86544000 Thread exited: 0x000001be86544000
Event: 4830.561 Thread 0x000001be86542000 Thread added: 0x000001be86542000
Event: 4830.562 Executing VM operation: RevokeBias
Event: 4830.563 Executing VM operation: RevokeBias done
Event: 4831.044 Thread 0x000001be86544000 Thread added: 0x000001be86544000
Event: 4831.046 Thread 0x000001be86544000 Thread exited: 0x000001be86544000


Dynamic libraries:
0x00007ff79b020000 - 0x00007ff79b050000 	C:\Xilinx\Vivado\2020.1\bin\unwrapped\win64.o\vivado.exe
0x00007ffc4d1d0000 - 0x00007ffc4d3c5000 	C:\Windows\SYSTEM32\ntdll.dll
0x00007ffc4c2b0000 - 0x00007ffc4c36d000 	C:\Windows\System32\KERNEL32.DLL
0x00007ffc4a980000 - 0x00007ffc4ac4d000 	C:\Windows\System32\KERNELBASE.dll
0x00007ffc4ae90000 - 0x00007ffc4af90000 	C:\Windows\System32\ucrtbase.dll
0x00007ffc34430000 - 0x00007ffc344be000 	C:\Windows\SYSTEM32\MSVCP140.dll
0x00007ffc34410000 - 0x00007ffc3442b000 	C:\Windows\SYSTEM32\VCRUNTIME140.dll
0x00007ffc34400000 - 0x00007ffc3440c000 	C:\Windows\SYSTEM32\VCRUNTIME140_1.dll
0x00007ffc2b860000 - 0x00007ffc2b87a000 	C:\Xilinx\Vivado\2020.1\lib\win64.o\librdi_commonmain.dll
0x00007ffc2b840000 - 0x00007ffc2b854000 	C:\Xilinx\Vivado\2020.1\lib\win64.o\libboost_signals.dll
0x00007ffc44c90000 - 0x00007ffc44c9a000 	C:\Xilinx\Vivado\2020.1\lib\win64.o\librdi_commonversion.dll
0x00007ffc2b810000 - 0x00007ffc2b836000 	C:\Xilinx\Vivado\2020.1\lib\win64.o\libboost_filesystem.dll
0x00007ffc4b760000 - 0x00007ffc4b80e000 	C:\Windows\System32\ADVAPI32.dll
0x00007ffc4c1e0000 - 0x00007ffc4c27e000 	C:\Windows\System32\msvcrt.dll
0x00007ffc4b220000 - 0x00007ffc4b2bc000 	C:\Windows\System32\sechost.dll
0x00007ffc4b450000 - 0x00007ffc4b575000 	C:\Windows\System32\RPCRT4.dll
0x00007ffc2a970000 - 0x00007ffc2ab11000 	C:\Xilinx\Vivado\2020.1\lib\win64.o\librdi_commonxillic.dll
0x00007ffc4c3e0000 - 0x00007ffc4c580000 	C:\Windows\System32\USER32.dll
0x00007ffc4b1f0000 - 0x00007ffc4b212000 	C:\Windows\System32\win32u.dll
0x00007ffc4c280000 - 0x00007ffc4c2aa000 	C:\Windows\System32\GDI32.dll
0x00007ffc4ad80000 - 0x00007ffc4ae8b000 	C:\Windows\System32\gdi32full.dll
0x00007ffc4ac50000 - 0x00007ffc4aced000 	C:\Windows\System32\msvcp_win.dll
0x00007ffc4bf60000 - 0x00007ffc4bfcb000 	C:\Windows\System32\WS2_32.dll
0x00007ffc4a950000 - 0x00007ffc4a977000 	C:\Windows\System32\bcrypt.dll
0x0000000069820000 - 0x000000006994b000 	C:\Xilinx\Vivado\2020.1\lib\win64.o\tcl85t.dll
0x00007ffc43950000 - 0x00007ffc4395b000 	C:\Xilinx\Vivado\2020.1\lib\win64.o\libboost_system.dll
0x00007ffc2a690000 - 0x00007ffc2a96b000 	C:\Xilinx\Vivado\2020.1\lib\win64.o\libXil_lmgr11.dll
0x00007ffc4d0b0000 - 0x00007ffc4d18b000 	C:\Windows\System32\COMDLG32.dll
0x00007ffc4c670000 - 0x00007ffc4c9c4000 	C:\Windows\System32\combase.dll
0x00007ffc4c9d0000 - 0x00007ffc4ca7d000 	C:\Windows\System32\shcore.dll
0x00007ffc4b3f0000 - 0x00007ffc4b445000 	C:\Windows\System32\SHLWAPI.dll
0x00007ffc4b810000 - 0x00007ffc4bf54000 	C:\Windows\System32\SHELL32.dll
0x00007ffc4bfd0000 - 0x00007ffc4c09d000 	C:\Windows\System32\OLEAUT32.dll
0x00007ffc4b2c0000 - 0x00007ffc4b3ea000 	C:\Windows\System32\ole32.dll
0x00007ffc4a8e0000 - 0x00007ffc4a948000 	C:\Windows\System32\WINTRUST.dll
0x00007ffc4afe0000 - 0x00007ffc4b136000 	C:\Windows\System32\CRYPT32.dll
0x00007ffc2a570000 - 0x00007ffc2a684000 	C:\Xilinx\Vivado\2020.1\lib\win64.o\libboost_regex.dll
0x00007ffbed180000 - 0x00007ffbede35a00 	C:\Xilinx\Vivado\2020.1\lib\win64.o\libisl_iostreams.dll
0x00007ffc316e0000 - 0x00007ffc316fa000 	C:\Windows\SYSTEM32\NETAPI32.dll
0x00007ffc37f10000 - 0x00007ffc37fc0000 	C:\Windows\WinSxS\amd64_microsoft.windows.common-controls_6595b64144ccf1df_5.82.19041.1110_none_792d1c772443f647\COMCTL32.dll
0x00007ffc33e20000 - 0x00007ffc33e29000 	C:\Windows\SYSTEM32\WSOCK32.dll
0x00007ffc44be0000 - 0x00007ffc44bfd000 	C:\Windows\SYSTEM32\dhcpcsvc.DLL
0x00007ffc2b7b0000 - 0x00007ffc2b7c4000 	C:\Xilinx\Vivado\2020.1\lib\win64.o\libboost_date_time.dll
0x00007ffc2b540000 - 0x00007ffc2b55b000 	C:\Xilinx\Vivado\2020.1\lib\win64.o\libboost_iostreams.dll
0x00007ffc2b510000 - 0x00007ffc2b531000 	C:\Xilinx\Vivado\2020.1\lib\win64.o\libboost_thread.dll
0x00007ffc2b4e0000 - 0x00007ffc2b505000 	C:\Xilinx\Vivado\2020.1\lib\win64.o\libisl_iosutils.dll
0x00007ffc2b4c0000 - 0x00007ffc2b4da000 	C:\Xilinx\Vivado\2020.1\lib\win64.o\pthreadVC2.dll
0x00007ffc2b490000 - 0x00007ffc2b4b1000 	C:\Xilinx\Vivado\2020.1\lib\win64.o\librdizlib.dll
0x00007ffc35a30000 - 0x00007ffc35a3d000 	C:\Xilinx\Vivado\2020.1\lib\win64.o\libboost_chrono.dll
0x00007ffbec0b0000 - 0x00007ffbed176000 	C:\Xilinx\Vivado\2020.1\lib\win64.o\librdi_common.dll
0x00007ffc2f980000 - 0x00007ffc2f98f000 	C:\Xilinx\Vivado\2020.1\lib\win64.o\libboost_xilinx.dll
0x00007ffc275d0000 - 0x00007ffc2764f000 	C:\Xilinx\Vivado\2020.1\lib\win64.o\libboost_program_options.dll
0x00007ffc24710000 - 0x00007ffc24a7e000 	C:\Xilinx\Vivado\2020.1\lib\win64.o\libCOIN-all.dll
0x00007ffc27540000 - 0x00007ffc275c2000 	C:\Xilinx\Vivado\2020.1\lib\win64.o\libhdlpsolve.dll
0x00007ffc2b460000 - 0x00007ffc2b48e000 	C:\Xilinx\Vivado\2020.1\lib\win64.o\libisl_sysinfo.dll
0x00007ffc27490000 - 0x00007ffc27535000 	C:\Xilinx\Vivado\2020.1\lib\win64.o\libhdxml.dll
0x00007ffc37950000 - 0x00007ffc37e26000 	C:\Windows\SYSTEM32\WININET.dll
0x00007ffc408c0000 - 0x00007ffc409ca000 	C:\Windows\SYSTEM32\WINHTTP.dll
0x00007ffc3ee10000 - 0x00007ffc3effc000 	C:\Windows\SYSTEM32\urlmon.dll
0x00007ffc27420000 - 0x00007ffc27485000 	C:\Xilinx\Vivado\2020.1\lib\win64.o\liblmx6.0.dll
0x00007ffc25e60000 - 0x00007ffc25e7c000 	C:\Xilinx\Vivado\2020.1\lib\win64.o\librdiconfig.dll
0x00007ffc2a530000 - 0x00007ffc2a561000 	C:\Windows\SYSTEM32\VCOMP140.DLL
0x00007ffc3f2e0000 - 0x00007ffc3f591000 	C:\Windows\SYSTEM32\iertutil.dll
0x00007ffc40fb0000 - 0x00007ffc40fd8000 	C:\Windows\SYSTEM32\srvcli.dll
0x00007ffc49e50000 - 0x00007ffc49e5c000 	C:\Windows\SYSTEM32\netutils.dll
0x00007ffbe8fb0000 - 0x00007ffbe9e41000 	C:\Xilinx\Vivado\2020.1\lib\win64.o\gurobi65.dll
0x0000000012000000 - 0x0000000012270000 	C:\Xilinx\Vivado\2020.1\lib\win64.o\xerces-c_3_1.dll
0x00007ffc4a0a0000 - 0x00007ffc4a10a000 	C:\Windows\SYSTEM32\MSWSOCK.DLL
0x00007ffc4b580000 - 0x00007ffc4b5b0000 	C:\Windows\System32\IMM32.DLL
0x00007ffc4a4d0000 - 0x00007ffc4a4e2000 	C:\Windows\SYSTEM32\MSASN1.dll
0x00007ffc49190000 - 0x00007ffc491a2000 	C:\Windows\SYSTEM32\kernel.appcore.dll
0x00007ffbefa40000 - 0x00007ffbeff3c000 	C:\Xilinx\Vivado\2020.1\lib\win64.o\librdi_commontasks.dll
0x00007ffc43f60000 - 0x00007ffc43f6a000 	C:\Windows\SYSTEM32\VERSION.dll
0x00007ffbef750000 - 0x00007ffbefa34000 	C:\Xilinx\Vivado\2020.1\lib\win64.o\librdi_sio.dll
0x00007ffc49d40000 - 0x00007ffc49d7b000 	C:\Windows\SYSTEM32\IPHLPAPI.DLL
0x0000000067db0000 - 0x00000000687d5000 	C:\Xilinx\Vivado\2020.1\tps\win64\jre9.0.4\bin\server\jvm.dll
0x00007ffc4d0a0000 - 0x00007ffc4d0a8000 	C:\Windows\System32\PSAPI.DLL
0x00007ffc41050000 - 0x00007ffc41077000 	C:\Windows\SYSTEM32\WINMM.dll
0x00007ffc21270000 - 0x00007ffc2135f000 	C:\Windows\SYSTEM32\MSVCR120.dll
0x00007ffc48870000 - 0x00007ffc49004000 	C:\Windows\SYSTEM32\windows.storage.dll
0x00007ffc4a340000 - 0x00007ffc4a36c000 	C:\Windows\SYSTEM32\Wldp.dll
0x00007ffbe6910000 - 0x00007ffbe8fa5000 	C:\Xilinx\Vivado\2020.1\lib\win64.o\librdi_tcltasks.dll
0x00007ffc25de0000 - 0x00007ffc25e5b000 	C:\Xilinx\Vivado\2020.1\lib\win64.o\librdi_boarddep.dll
0x00007ffbef130000 - 0x00007ffbef5f6000 	C:\Xilinx\Vivado\2020.1\lib\win64.o\librdi_bitstream.dll
0x00007ffc20ed0000 - 0x00007ffc20fc6000 	C:\Xilinx\Vivado\2020.1\lib\win64.o\librdi_chipscope.dll
0x00007ffc20d10000 - 0x00007ffc20ec3000 	C:\Xilinx\Vivado\2020.1\lib\win64.o\librdi_board.dll
0x00007ffbebee0000 - 0x00007ffbec0a1000 	C:\Xilinx\Vivado\2020.1\lib\win64.o\librdi_chipscopeimpl.dll
0x00007ffc00480000 - 0x00007ffc005db000 	C:\Xilinx\Vivado\2020.1\lib\win64.o\librdi_containers.dll
0x00007ffbe25e0000 - 0x00007ffbe690e000 	C:\Xilinx\Vivado\2020.1\lib\win64.o\librdi_designutils.dll
0x00007ffbe09b0000 - 0x00007ffbe25da000 	C:\Xilinx\Vivado\2020.1\lib\win64.o\librdi_constraints.dll
0x00007ffbebb90000 - 0x00007ffbebedb000 	C:\Xilinx\Vivado\2020.1\lib\win64.o\librdi_dlyest.dll
0x00007ffbeb570000 - 0x00007ffbebb8e000 	C:\Xilinx\Vivado\2020.1\lib\win64.o\librdi_drc.dll
0x00007ffc1c660000 - 0x00007ffc1c724000 	C:\Xilinx\Vivado\2020.1\lib\win64.o\librdi_dsp.dll
0x00007ffbde840000 - 0x00007ffbe09ad000 	C:\Xilinx\Vivado\2020.1\lib\win64.o\librdi_coregen.dll
0x00007ffbde160000 - 0x00007ffbde839000 	C:\Xilinx\Vivado\2020.1\lib\win64.o\librdi_coregenipxact.dll
0x00007ffbdde40000 - 0x00007ffbde15c000 	C:\Xilinx\Vivado\2020.1\lib\win64.o\librdi_guitools.dll
0x00007ffbddbe0000 - 0x00007ffbdde35000 	C:\Xilinx\Vivado\2020.1\lib\win64.o\librdi_hip_devdesign.dll
0x00007ffc24690000 - 0x00007ffc24707000 	C:\Xilinx\Vivado\2020.1\lib\win64.o\librdi_hdf.dll
0x00007ffbdd550000 - 0x00007ffbddbd6000 	C:\Xilinx\Vivado\2020.1\lib\win64.o\librdi_filemgmt.dll
0x00007ffbeb420000 - 0x00007ffbeb568000 	C:\Xilinx\Vivado\2020.1\lib\win64.o\librdi_hip_perf_analysis.dll
0x00007ffbc5680000 - 0x00007ffbdd550000 	C:\Xilinx\Vivado\2020.1\lib\win64.o\librdi_device.dll
0x00007ffbc5040000 - 0x00007ffbc567e000 	C:\Xilinx\Vivado\2020.1\lib\win64.o\librdi_memdata.dll
0x00007ffc21490000 - 0x00007ffc21504000 	C:\Xilinx\Vivado\2020.1\lib\win64.o\librdi_memoryarray.dll
0x00007ffbc36f0000 - 0x00007ffbc503a000 	C:\Xilinx\Vivado\2020.1\lib\win64.o\librdi_implflow.dll
0x00007ffc21d00000 - 0x00007ffc21d4e000 	C:\Xilinx\Vivado\2020.1\lib\win64.o\librdi_pfi.dll
0x00007ffbc0870000 - 0x00007ffbc36e7000 	C:\Xilinx\Vivado\2020.1\lib\win64.o\librdi_mig.dll
0x00007ffbc0160000 - 0x00007ffbc0863000 	C:\Xilinx\Vivado\2020.1\lib\win64.o\librdi_netlist.dll
0x00007ffbbf920000 - 0x00007ffbc0154000 	C:\Xilinx\Vivado\2020.1\lib\win64.o\librdi_power.dll
0x00007ffbbf5c0000 - 0x00007ffbbf911000 	C:\Xilinx\Vivado\2020.1\lib\win64.o\librdi_platform.dll
0x00007ffbbefc0000 - 0x00007ffbbf5b5000 	C:\Xilinx\Vivado\2020.1\lib\win64.o\librdi_project.dll
0x00007ffbbe850000 - 0x00007ffbbefbf000 	C:\Xilinx\Vivado\2020.1\lib\win64.o\librdi_rsb.dll
0x00007ffbbe110000 - 0x00007ffbbe84c000 	C:\Xilinx\Vivado\2020.1\lib\win64.o\librdi_psta.dll
0x00007ffbbb590000 - 0x00007ffbbe101000 	C:\Xilinx\Vivado\2020.1\lib\win64.o\librdi_place.dll
0x00007ffbeae30000 - 0x00007ffbeaf38000 	C:\Xilinx\Vivado\2020.1\lib\win64.o\librdi_runsbase.dll
0x00007ffbbb0f0000 - 0x00007ffbbb58a000 	C:\Xilinx\Vivado\2020.1\lib\win64.o\librdi_runs.dll
0x00007ffbbae70000 - 0x00007ffbbb0e5000 	C:\Xilinx\Vivado\2020.1\lib\win64.o\librdi_simdata.dll
0x00007ffbe9ff0000 - 0x00007ffbea0ef000 	C:\Xilinx\Vivado\2020.1\lib\win64.o\librdi_xhub.dll
0x00007ffbfe990000 - 0x00007ffbfea38000 	C:\Xilinx\Vivado\2020.1\lib\win64.o\librdi_xhubtasks.dll
0x00007ffbbac90000 - 0x00007ffbbae63000 	C:\Xilinx\Vivado\2020.1\lib\win64.o\librdi_advchipscopeimpl.dll
0x00007ffc1c3a0000 - 0x00007ffc1c3ec000 	C:\Xilinx\Vivado\2020.1\lib\win64.o\libboost_serialization.dll
0x00007ffbb9d80000 - 0x00007ffbbac8a000 	C:\Xilinx\Vivado\2020.1\lib\win64.o\librdi_timing.dll
0x00007ffbb9c90000 - 0x00007ffbb9d78000 	C:\Xilinx\Vivado\2020.1\lib\win64.o\librdi_ipconfig_readwrite.dll
0x00007ffbff410000 - 0x00007ffbff47c000 	C:\Xilinx\Vivado\2020.1\lib\win64.o\librdi_noc_frameworks.dll
0x00007ffbb9a90000 - 0x00007ffbb9c83000 	C:\Xilinx\Vivado\2020.1\lib\win64.o\librdi_hip_config.dll
0x00007ffbb9540000 - 0x00007ffbb9a8e000 	C:\Xilinx\Vivado\2020.1\lib\win64.o\librdi_xdm.dll
0x00007ffbf0320000 - 0x00007ffbf03be000 	C:\Xilinx\Vivado\2020.1\lib\win64.o\libise.dll
0x00007ffc1b130000 - 0x00007ffc1b17b000 	C:\Xilinx\Vivado\2020.1\lib\win64.o\librdi_wavedata_SimpleApi.dll
0x00007ffc12960000 - 0x00007ffc129ad000 	C:\Xilinx\Vivado\2020.1\lib\win64.o\libboost_graph.dll

VM Arguments:
jvm_args: -Dsun.java2d.pmoffscreen=false -Dsun.java2d.xrender=false -Dsun.java2d.d3d=false -Dsun.awt.nopixfmt=true -Dsun.java2d.dpiaware=true -Dsun.java2d.uiScale.enabled=false -Xverify:none -Dswing.aatext=true -XX:-UsePerfData -Djdk.map.althashing.threshold=512 -XX:StringTableSize=4072 --add-opens=java.base/java.nio=ALL-UNNAMED --add-opens=java.desktop/sun.swing=ALL-UNNAMED --add-opens=java.desktop/javax.swing=ALL-UNNAMED --add-opens=java.desktop/javax.swing.tree=ALL-UNNAMED --add-opens=java.desktop/javax.swing.plaf.basic=ALL-UNNAMED --add-opens=java.desktop/javax.swing.plaf.synth=ALL-UNNAMED --add-opens=java.desktop/com.sun.awt=ALL-UNNAMED -XX:NewSize=60m -XX:MaxNewSize=60m -Xms128m -Xmx3072m -Xss5m 
java_command: <unknown>
java_class_path (initial): C:/Xilinx/Vivado/2020.1\lib\classes\alloy.jar;C:/Xilinx/Vivado/2020.1\lib\classes\ArchiveSummary.jar;C:/Xilinx/Vivado/2020.1\lib\classes\autoesl-models.jar;C:/Xilinx/Vivado/2020.1\lib\classes\autopilot.scelaborator.jar;C:/Xilinx/Vivado/2020.1\lib\classes\autopilot.sourceprocessor.jar;C:/Xilinx/Vivado/2020.1\lib\classes\autopilot.tbprocessor.jar;C:/Xilinx/Vivado/2020.1\lib\classes\batik-anim.jar;C:/Xilinx/Vivado/2020.1\lib\classes\batik-awt-util.jar;C:/Xilinx/Vivado/2020.1\lib\classes\batik-bridge.jar;C:/Xilinx/Vivado/2020.1\lib\classes\batik-codec.jar;C:/Xilinx/Vivado/2020.1\lib\classes\batik-css.jar;C:/Xilinx/Vivado/2020.1\lib\classes\batik-dom.jar;C:/Xilinx/Vivado/2020.1\lib\classes\batik-ext.jar;C:/Xilinx/Vivado/2020.1\lib\classes\batik-gui-util.jar;C:/Xilinx/Vivado/2020.1\lib\classes\batik-gvt.jar;C:/Xilinx/Vivado/2020.1\lib\classes\batik-parser.jar;C:/Xilinx/Vivado/2020.1\lib\classes\batik-script.jar;C:/Xilinx/Vivado/2020.1\lib\classes\batik-svg-dom.jar;C:/Xilinx/Vivado/2020.1\lib\classes\batik-swing.jar;C:/Xilinx/Vivado/2020.1\lib\classes\batik-transcoder.jar;C:/Xilinx/Vivado/2020.1\lib\classes\batik-util.jar;C:/Xilinx/Vivado/2020.1\lib\classes\batik-xml.jar;C:/Xilinx/Vivado/2020.1\lib\classes\com.google.gson_2.8.2.v20180104-1110.jar;C:/Xilinx/Vivado/2020.1\lib\classes\com.google.guava_27.1.0.v20190517-1946.jar;C:/Xilinx/Vivado/2020.1\lib\classes\com.ibm.icu_4.4.2.v20110208.jar;C:/Xilinx/Vivado/2020.1\lib\classes\com.sigasi.hdt.connection_4.8.0.202004151336.jar;C:/Xilinx/Vivado/2020.1\lib\classes\com.sigasi.hdt.epl_4.8.0.202004151336.jar;C:/Xilinx/Vivado/2020.1\lib\classes\com.sigasi.hdt.project_4.8.0.202004151336.jar;C:/Xilinx/Vivado/2020.1\lib\classes\com.sigasi.hdt.readonlyfilesystem_4.8.0.202004151336.jar;C:/Xilinx/Vivado/2020.1\lib\classes\com.sigasi.lcm_4.8.0.202004151336.jar;C:/Xilinx/Vivado/2020.1\lib\classes\com.sigasi.sdk.client_4.8.0.202004151336.jar;C:/Xilinx/Vivado/2020.1\lib\classes\com.xilinx.hls.services.jar;C:/Xili
Launcher Type: generic

Logging:
Log output configuration:
#0: stdout all=warning uptime,level,tags
#1: stderr all=off uptime,level,tags

Environment Variables:
PATH=C:/Xilinx/Vivado/2020.1/bin;C:/Xilinx/Vivado/2020.1/lib/win64.o;C:/Xilinx/Vivado/2020.1/tps/win64/jre9.0.4/bin/server;C:/Xilinx/Vivado/2020.1/tps/win64/jre9.0.4/bin;C:/Xilinx/Vivado/2020.1/ids_lite/ISE/bin/nt64;C:/Xilinx/Vivado/2020.1/ids_lite/ISE/lib/nt64;C:\Program Files\NVIDIA GPU Computing Toolkit\CUDA\v10.1\bin;C:\Program Files\NVIDIA GPU Computing Toolkit\CUDA\v10.1\libnvvp;C:\Program Files\Eclipse Adoptium\jdk-17.0.1.12-hotspot\bin;C:\Program Files\Common Files\Oracle\Java\javapath;C:\Program Files (x86)\Common Files\Oracle\Java\javapath;C:\Windows\system32;C:\Windows;C:\Windows\System32\Wbem;C:\Windows\System32\WindowsPowerShell\v1.0\;C:\Windows\System32\OpenSSH\;C:\MinGW\bin;C:\Program Files\kotlinc\bin;C:\Program Files\Microchip\xc8\v2.31\bin;C:\Program Files\MATLAB\R2014b\runtime\win64;C:\Program Files\MATLAB\R2014b\bin;C:\Program Files\Microsoft SQL Server\150\Tools\Binn\;C:\Program Files\Microsoft SQL Server\Client SDK\ODBC\170\Tools\Binn\;C:\Program Files\dotnet\;C:\Program Files\NVIDIA Corporation\Nsight Compute 2019.4.0\;C:\Program Files (x86)\NVIDIA Corporation\PhysX\Common;C:\Program Files (x86)\dotnet\;C:\Users\user\anaconda3;C:\Users\user\anaconda3\Library\mingw-w64\bin;C:\Users\user\anaconda3\Library\usr\bin;C:\Users\user\anaconda3\Library\bin;C:\Users\user\anaconda3\Scripts;C:\Users\user\AppData\Local\Programs\Python\Python39\Scripts\;C:\Users\user\AppData\Local\Programs\Python\Python39\;C:\Users\user\AppData\Local\Microsoft\WindowsApps;C:\Users\user\AppData\Local\Programs\Microsoft VS Code\bin;C:\Users\user\AppData\Local\GitHubDesktop\bin;C:\Program Files\JetBrains\IntelliJ IDEA Community Edition 2021.2.2\bin;;C:\Users\user\.dotnet\tools;C:/Xilinx/Vivado/2020.1\tps\mingw\6.2.0\win64.o\nt\bin;C:/Xilinx/Vivado/2020.1\tps\mingw\6.2.0\win64.o\nt\libexec\gcc\x86_64-w64-mingw32\6.2.0;C:/Xilinx/Vivado/2020.1\tps\win64\python-2.7.16;C:/Xilinx/Vivado/2020.1\tps\win64\python-2.7.16\bin;C:/Xilinx/Vivado/2020.1\tps\win64\python-2.7.16\lib;C:/Xilinx/Viva
USERNAME=user
OS=Windows_NT
PROCESSOR_IDENTIFIER=AMD64 Family 25 Model 33 Stepping 0, AuthenticAMD



---------------  S Y S T E M  ---------------

OS: Windows 10 , 64 bit Build 19041 (10.0.19041.1706)

CPU:total 16 (initial active 16) (16 cores per cpu, 1 threads per core) family 25 model 33 stepping 0, cmov, cx8, fxsr, mmx, sse, sse2, sse3, ssse3, sse4.1, sse4.2, popcnt, avx, avx2, aes, clmul, erms, mmxext, 3dnowpref, lzcnt, sse4a, tsc, tscinvbit, tscinv, bmi1

Memory: 4k page, physical 67016804k(58722516k free), swap 76978276k(65220256k free)

vm_info: Java HotSpot(TM) 64-Bit Server VM (9.0.4+11) for windows-amd64 JRE (9.0.4+11), built on Dec 20 2017 02:18:54 by "mach5one" with MS VC++ 12.0 (VS2013)

END.
